info: ::1 - - [04/Aug/2022:07:25:58 +0000] "POST /api/v1/users HTTP/1.1" 500 56 "-" "PostmanRuntime/7.29.2"

info: ::1 - - [04/Aug/2022:07:29:58 +0000] "POST /api/v1/users HTTP/1.1" 201 178 "-" "PostmanRuntime/7.29.2"

info: ::1 - - [04/Aug/2022:07:32:29 +0000] "POST /api/v1/users HTTP/1.1" 201 320 "-" "PostmanRuntime/7.29.2"

info: ::1 - - [04/Aug/2022:07:33:56 +0000] "POST /api/v1/users HTTP/1.1" 500 55 "-" "PostmanRuntime/7.29.2"

info: ::1 - - [04/Aug/2022:07:34:03 +0000] "GET /api/v1/users HTTP/1.1" 200 1673 "-" "PostmanRuntime/7.29.2"

info: ::1 - - [04/Aug/2022:07:43:50 +0000] "POST /api/v1/users/login HTTP/1.1" 400 68 "-" "PostmanRuntime/7.29.2"

info: ::1 - - [04/Aug/2022:07:45:10 +0000] "POST /api/v1/users/login HTTP/1.1" 200 394 "-" "PostmanRuntime/7.29.2"

info: ::1 - - [04/Aug/2022:07:45:19 +0000] "POST /api/v1/users/login HTTP/1.1" 400 53 "-" "PostmanRuntime/7.29.2"

info: ::1 - - [04/Aug/2022:07:45:29 +0000] "POST /api/v1/users/login HTTP/1.1" 200 394 "-" "PostmanRuntime/7.29.2"

info: ::1 - - [04/Aug/2022:08:01:24 +0000] "POST /api/v1/users/forgotpassword HTTP/1.1" 200 48 "-" "PostmanRuntime/7.29.2"

error: uncaughtException: Router.use() requires a middleware function but got a Object
TypeError: Router.use() requires a middleware function but got a Object
    at TypeError.<anonymous> (C:\Users\soora\Desktop\bookstore_backend\BookStore\node_modules\core-js\internals\wrap-error-constructor-with-cause.js:37:62)
    at new TypeError (C:\Users\soora\Desktop\bookstore_backend\BookStore\node_modules\core-js\modules\es.error.cause.js:43:47)
    at Function.use (C:\Users\soora\Desktop\bookstore_backend\BookStore\node_modules\express\lib\router\index.js:469:13)
    at routes (C:\Users\soora\Desktop\bookstore_backend\BookStore\src\routes\/index.js:16:10)
    at Object.<anonymous> (C:\Users\soora\Desktop\bookstore_backend\BookStore\src\/index.js:32:32)
    at Module._compile (internal/modules/cjs/loader.js:1063:30)
    at Module._compile (C:\Users\soora\Desktop\bookstore_backend\BookStore\node_modules\pirates\lib\index.js:136:24)
    at Module._extensions..js (internal/modules/cjs/loader.js:1092:10)
    at Object.newLoader [as .js] (C:\Users\soora\Desktop\bookstore_backend\BookStore\node_modules\pirates\lib\index.js:141:7)
    at Module.load (internal/modules/cjs/loader.js:928:32)
    at Function.Module._load (internal/modules/cjs/loader.js:769:14)
    at Function.executeUserEntryPoint [as runMain] (internal/modules/run_main.js:72:12)
    at Object.<anonymous> (C:\Users\soora\Desktop\bookstore_backend\BookStore\node_modules\@babel\node\lib\_babel-node.js:176:21)
    at Module._compile (internal/modules/cjs/loader.js:1063:30)
    at Object.Module._extensions..js (internal/modules/cjs/loader.js:1092:10)
    at Module.load (internal/modules/cjs/loader.js:928:32) {"date":"Thu Aug 04 2022 15:24:30 GMT+0530 (India Standard Time)","error":{},"exception":true,"os":{"loadavg":[0,0,0],"uptime":278460},"process":{"argv":["node","C:\\Users\\soora\\Desktop\\bookstore_backend\\BookStore\\src\\index.js"],"cwd":"C:\\Users\\soora\\Desktop\\bookstore_backend\\BookStore","execPath":"C:\\Program Files\\nodejs\\node.exe","gid":null,"memoryUsage":{"arrayBuffers":19144512,"external":21325634,"heapTotal":75784192,"heapUsed":50309088,"rss":110907392},"pid":5792,"uid":null,"version":"v14.15.4"},"stack":"TypeError: Router.use() requires a middleware function but got a Object\n    at TypeError.<anonymous> (C:\\Users\\soora\\Desktop\\bookstore_backend\\BookStore\\node_modules\\core-js\\internals\\wrap-error-constructor-with-cause.js:37:62)\n    at new TypeError (C:\\Users\\soora\\Desktop\\bookstore_backend\\BookStore\\node_modules\\core-js\\modules\\es.error.cause.js:43:47)\n    at Function.use (C:\\Users\\soora\\Desktop\\bookstore_backend\\BookStore\\node_modules\\express\\lib\\router\\index.js:469:13)\n    at routes (C:\\Users\\soora\\Desktop\\bookstore_backend\\BookStore\\src\\routes\\/index.js:16:10)\n    at Object.<anonymous> (C:\\Users\\soora\\Desktop\\bookstore_backend\\BookStore\\src\\/index.js:32:32)\n    at Module._compile (internal/modules/cjs/loader.js:1063:30)\n    at Module._compile (C:\\Users\\soora\\Desktop\\bookstore_backend\\BookStore\\node_modules\\pirates\\lib\\index.js:136:24)\n    at Module._extensions..js (internal/modules/cjs/loader.js:1092:10)\n    at Object.newLoader [as .js] (C:\\Users\\soora\\Desktop\\bookstore_backend\\BookStore\\node_modules\\pirates\\lib\\index.js:141:7)\n    at Module.load (internal/modules/cjs/loader.js:928:32)\n    at Function.Module._load (internal/modules/cjs/loader.js:769:14)\n    at Function.executeUserEntryPoint [as runMain] (internal/modules/run_main.js:72:12)\n    at Object.<anonymous> (C:\\Users\\soora\\Desktop\\bookstore_backend\\BookStore\\node_modules\\@babel\\node\\lib\\_babel-node.js:176:21)\n    at Module._compile (internal/modules/cjs/loader.js:1063:30)\n    at Object.Module._extensions..js (internal/modules/cjs/loader.js:1092:10)\n    at Module.load (internal/modules/cjs/loader.js:928:32)","trace":[{"column":62,"file":"C:\\Users\\soora\\Desktop\\bookstore_backend\\BookStore\\node_modules\\core-js\\internals\\wrap-error-constructor-with-cause.js","function":null,"line":37,"method":null,"native":false},{"column":47,"file":"C:\\Users\\soora\\Desktop\\bookstore_backend\\BookStore\\node_modules\\core-js\\modules\\es.error.cause.js","function":"new TypeError","line":43,"method":null,"native":false},{"column":13,"file":"C:\\Users\\soora\\Desktop\\bookstore_backend\\BookStore\\node_modules\\express\\lib\\router\\index.js","function":"Function.use","line":469,"method":"use","native":false},{"column":10,"file":"C:\\Users\\soora\\Desktop\\bookstore_backend\\BookStore\\src\\routes\\/index.js","function":"routes","line":16,"method":null,"native":false},{"column":32,"file":"C:\\Users\\soora\\Desktop\\bookstore_backend\\BookStore\\src\\/index.js","function":null,"line":32,"method":null,"native":false},{"column":30,"file":"internal/modules/cjs/loader.js","function":"Module._compile","line":1063,"method":"_compile","native":false},{"column":24,"file":"C:\\Users\\soora\\Desktop\\bookstore_backend\\BookStore\\node_modules\\pirates\\lib\\index.js","function":"Module._compile","line":136,"method":"_compile","native":false},{"column":10,"file":"internal/modules/cjs/loader.js","function":"Module._extensions..js","line":1092,"method":".js","native":false},{"column":7,"file":"C:\\Users\\soora\\Desktop\\bookstore_backend\\BookStore\\node_modules\\pirates\\lib\\index.js","function":"Object.newLoader [as .js]","line":141,"method":"js]","native":false},{"column":32,"file":"internal/modules/cjs/loader.js","function":"Module.load","line":928,"method":"load","native":false},{"column":14,"file":"internal/modules/cjs/loader.js","function":"Module._load","line":769,"method":"_load","native":false},{"column":12,"file":"internal/modules/run_main.js","function":"Function.executeUserEntryPoint [as runMain]","line":72,"method":"executeUserEntryPoint [as runMain]","native":false},{"column":21,"file":"C:\\Users\\soora\\Desktop\\bookstore_backend\\BookStore\\node_modules\\@babel\\node\\lib\\_babel-node.js","function":null,"line":176,"method":null,"native":false},{"column":30,"file":"internal/modules/cjs/loader.js","function":"Module._compile","line":1063,"method":"_compile","native":false},{"column":10,"file":"internal/modules/cjs/loader.js","function":"Module._extensions..js","line":1092,"method":".js","native":false},{"column":32,"file":"internal/modules/cjs/loader.js","function":"Module.load","line":928,"method":"load","native":false}]}
info: ::1 - - [04/Aug/2022:10:09:34 +0000] "GET /api/v1/books HTTP/1.1" 200 65 "-" "PostmanRuntime/7.29.2"

info: ::1 - - [04/Aug/2022:10:32:43 +0000] "POST /api/v1/users HTTP/1.1" 201 318 "-" "PostmanRuntime/7.29.2"

info: ::1 - - [04/Aug/2022:10:35:02 +0000] "POST /api/v1/users HTTP/1.1" 201 320 "-" "PostmanRuntime/7.29.2"

info: ::1 - - [04/Aug/2022:10:36:29 +0000] "POST /api/v1/books HTTP/1.1" 404 47 "-" "PostmanRuntime/7.29.2"

info: ::1 - - [04/Aug/2022:10:37:07 +0000] "GET /api/v1/books HTTP/1.1" 200 9414 "-" "PostmanRuntime/7.29.2"

info: ::1 - - [04/Aug/2022:10:53:09 +0000] "GET /api/v1/books/6215888305253301a4fda5cd HTTP/1.1" 500 54 "-" "PostmanRuntime/7.29.2"

info: ::1 - - [04/Aug/2022:10:56:30 +0000] "GET /api/v1/books HTTP/1.1" 200 9414 "-" "PostmanRuntime/7.29.2"

info: ::1 - - [04/Aug/2022:10:57:44 +0000] "GET /api/v1/books/6215178d05253301a4fda5c4 HTTP/1.1" 500 54 "-" "PostmanRuntime/7.29.2"

info: ::1 - - [04/Aug/2022:10:59:36 +0000] "GET /api/v1/books/6215178d05253301a4fda5c4 HTTP/1.1" 500 54 "-" "PostmanRuntime/7.29.2"

