info: ::1 - - [10/Aug/2022:02:22:25 +0000] "GET /api/v1/cart HTTP/1.1" 200 1132 "-" "PostmanRuntime/7.29.2"

info: ::1 - - [10/Aug/2022:02:23:32 +0000] "PUT /api/v1/cart/purchased HTTP/1.1" 400 57 "-" "PostmanRuntime/7.29.2"

info: ::1 - - [10/Aug/2022:02:28:11 +0000] "PUT /api/v1/cart/purch HTTP/1.1" 400 57 "-" "PostmanRuntime/7.29.2"

info: ::1 - - [10/Aug/2022:02:30:40 +0000] "PUT /api/v1/cart/621588f105253301a4fda5d0 HTTP/1.1" 400 57 "-" "PostmanRuntime/7.29.2"

info: ::1 - - [10/Aug/2022:02:31:53 +0000] "POST /api/v1/cart/621588f105253301a4fda5d0 HTTP/1.1" 200 1345 "-" "PostmanRuntime/7.29.2"

info: ::1 - - [10/Aug/2022:02:32:12 +0000] "GET /api/v1/cart/ HTTP/1.1" 200 1347 "-" "PostmanRuntime/7.29.2"

info: ::1 - - [10/Aug/2022:02:32:41 +0000] "PUT /api/v1/cart/purch HTTP/1.1" 400 57 "-" "PostmanRuntime/7.29.2"

info: ::1 - - [10/Aug/2022:02:41:22 +0000] "PUT /api/v1/wi HTTP/1.1" 404 47 "-" "PostmanRuntime/7.29.2"

info: ::1 - - [10/Aug/2022:02:41:44 +0000] "POST /api/v1/wish/6215178d05253301a4fda5c4 HTTP/1.1" 200 378 "-" "PostmanRuntime/7.29.2"

info: ::1 - - [10/Aug/2022:02:42:18 +0000] "PUT /api/v1/wish/6215178d05253301a4fda5c4 HTTP/1.1" 400 67 "-" "PostmanRuntime/7.29.2"

info: ::1 - - [10/Aug/2022:02:43:34 +0000] "PUT /api/v1/wish/6215178d05253301a4fda5c4 HTTP/1.1" 200 138 "-" "PostmanRuntime/7.29.2"

info: ::1 - - [10/Aug/2022:02:55:41 +0000] "PUT /api/v1/cart/purch/true HTTP/1.1" 200 1337 "-" "PostmanRuntime/7.29.2"

info: ::1 - - [10/Aug/2022:02:57:19 +0000] "PUT /api/v1/cart/purch HTTP/1.1" 400 57 "-" "PostmanRuntime/7.29.2"

info: ::1 - - [10/Aug/2022:02:58:23 +0000] "PUT /api/v1/cart/purch HTTP/1.1" 400 57 "-" "PostmanRuntime/7.29.2"

info: ::1 - - [10/Aug/2022:02:58:34 +0000] "PUT /api/v1/cart/purch HTTP/1.1" 400 57 "-" "PostmanRuntime/7.29.2"

info: ::1 - - [10/Aug/2022:03:00:40 +0000] "PUT /api/v1/cart/6215899f05253301a4fda5d7 HTTP/1.1" 200 393 "-" "PostmanRuntime/7.29.2"

info: ::1 - - [10/Aug/2022:03:01:43 +0000] "PUT /api/v1/cart/6215899f05253301a4fda5d7/purch HTTP/1.1" 200 392 "-" "PostmanRuntime/7.29.2"

info: ::1 - - [10/Aug/2022:03:07:33 +0000] "PUT /api/v1/cart/purch/false HTTP/1.1" 200 398 "-" "PostmanRuntime/7.29.2"

info: ::1 - - [10/Aug/2022:03:09:40 +0000] "PUT /api/v1/cart/purch/true HTTP/1.1" 200 392 "-" "PostmanRuntime/7.29.2"

info: ::1 - - [10/Aug/2022:03:09:49 +0000] "PUT /api/v1/cart/purch/false HTTP/1.1" 200 398 "-" "PostmanRuntime/7.29.2"

info: ::1 - - [10/Aug/2022:03:17:01 +0000] "POST /api/v1/wish/6215178d05253301a4fda5c4 HTTP/1.1" 200 378 "-" "PostmanRuntime/7.29.2"

info: ::1 - - [10/Aug/2022:03:17:20 +0000] "GET /api/v1/wish HTTP/1.1" 400 73 "-" "PostmanRuntime/7.29.2"

