info: ::1 - - [04/Aug/2022:07:25:58 +0000] "POST /api/v1/users HTTP/1.1" 500 56 "-" "PostmanRuntime/7.29.2"

info: ::1 - - [04/Aug/2022:07:29:58 +0000] "POST /api/v1/users HTTP/1.1" 201 178 "-" "PostmanRuntime/7.29.2"

info: ::1 - - [04/Aug/2022:07:32:29 +0000] "POST /api/v1/users HTTP/1.1" 201 320 "-" "PostmanRuntime/7.29.2"

info: ::1 - - [04/Aug/2022:07:33:56 +0000] "POST /api/v1/users HTTP/1.1" 500 55 "-" "PostmanRuntime/7.29.2"

info: ::1 - - [04/Aug/2022:07:34:03 +0000] "GET /api/v1/users HTTP/1.1" 200 1673 "-" "PostmanRuntime/7.29.2"

info: ::1 - - [04/Aug/2022:07:43:50 +0000] "POST /api/v1/users/login HTTP/1.1" 400 68 "-" "PostmanRuntime/7.29.2"

info: ::1 - - [04/Aug/2022:07:45:10 +0000] "POST /api/v1/users/login HTTP/1.1" 200 394 "-" "PostmanRuntime/7.29.2"

info: ::1 - - [04/Aug/2022:07:45:19 +0000] "POST /api/v1/users/login HTTP/1.1" 400 53 "-" "PostmanRuntime/7.29.2"

info: ::1 - - [04/Aug/2022:07:45:29 +0000] "POST /api/v1/users/login HTTP/1.1" 200 394 "-" "PostmanRuntime/7.29.2"

info: ::1 - - [04/Aug/2022:08:01:24 +0000] "POST /api/v1/users/forgotpassword HTTP/1.1" 200 48 "-" "PostmanRuntime/7.29.2"

info: ::1 - - [04/Aug/2022:10:09:34 +0000] "GET /api/v1/books HTTP/1.1" 200 65 "-" "PostmanRuntime/7.29.2"

info: ::1 - - [04/Aug/2022:10:32:43 +0000] "POST /api/v1/users HTTP/1.1" 201 318 "-" "PostmanRuntime/7.29.2"

info: ::1 - - [04/Aug/2022:10:35:02 +0000] "POST /api/v1/users HTTP/1.1" 201 320 "-" "PostmanRuntime/7.29.2"

info: ::1 - - [04/Aug/2022:10:36:29 +0000] "POST /api/v1/books HTTP/1.1" 404 47 "-" "PostmanRuntime/7.29.2"

info: ::1 - - [04/Aug/2022:10:37:07 +0000] "GET /api/v1/books HTTP/1.1" 200 9414 "-" "PostmanRuntime/7.29.2"

info: ::1 - - [04/Aug/2022:10:53:09 +0000] "GET /api/v1/books/6215888305253301a4fda5cd HTTP/1.1" 500 54 "-" "PostmanRuntime/7.29.2"

info: ::1 - - [04/Aug/2022:10:56:30 +0000] "GET /api/v1/books HTTP/1.1" 200 9414 "-" "PostmanRuntime/7.29.2"

info: ::1 - - [04/Aug/2022:10:57:44 +0000] "GET /api/v1/books/6215178d05253301a4fda5c4 HTTP/1.1" 500 54 "-" "PostmanRuntime/7.29.2"

info: ::1 - - [04/Aug/2022:10:59:36 +0000] "GET /api/v1/books/6215178d05253301a4fda5c4 HTTP/1.1" 500 54 "-" "PostmanRuntime/7.29.2"

info: ::1 - - [04/Aug/2022:11:00:11 +0000] "GET /api/v1/books/6215178d05253301a4fda5c4 HTTP/1.1" 200 397 "-" "PostmanRuntime/7.29.2"

