info: Server started at http://localhost:3000/api/v1/ {"timestamp":"2022-08-04T06:58:21.097Z"}
info: Connected to the database. {"timestamp":"2022-08-04T06:58:21.167Z"}
error: 
    status - 500 
    message - ReferenceError: bcrypt is not defined
    at _callee2$ (C:\Users\soora\Desktop\bookstore_backend\BookStore\src\services\/user.service.js:10:33)
    at tryCatch (C:\Users\soora\Desktop\bookstore_backend\BookStore\node_modules\@babel\runtime\helpers\regeneratorRuntime.js:86:17)
    at Generator._invoke (C:\Users\soora\Desktop\bookstore_backend\BookStore\node_modules\@babel\runtime\helpers\regeneratorRuntime.js:66:24)
    at Generator.next (C:\Users\soora\Desktop\bookstore_backend\BookStore\node_modules\@babel\runtime\helpers\regeneratorRuntime.js:117:21)
    at asyncGeneratorStep (C:\Users\soora\Desktop\bookstore_backend\BookStore\node_modules\@babel\runtime\helpers\asyncToGenerator.js:3:24)
    at _next (C:\Users\soora\Desktop\bookstore_backend\BookStore\node_modules\@babel\runtime\helpers\asyncToGenerator.js:25:9)
    at processTicksAndRejections (internal/process/task_queues.js:93:5) 
    url - /api/v1/users 
    method - POST 
    IP - ::1
   {"timestamp":"2022-08-04T07:25:58.570Z"}
info: Server started at http://localhost:3000/api/v1/ {"timestamp":"2022-08-04T07:29:54.147Z"}
info: Connected to the database. {"timestamp":"2022-08-04T07:29:54.192Z"}
info: Server started at http://localhost:3000/api/v1/ {"timestamp":"2022-08-04T07:32:16.655Z"}
info: Connected to the database. {"timestamp":"2022-08-04T07:32:16.691Z"}
error: 
    status - 500 
    message - Error: user already existed
    at Error.<anonymous> (C:\Users\soora\Desktop\bookstore_backend\BookStore\node_modules\core-js\internals\wrap-error-constructor-with-cause.js:37:62)
    at new Error (C:\Users\soora\Desktop\bookstore_backend\BookStore\node_modules\core-js\modules\es.error.cause.js:28:43)
    at _callee2$ (C:\Users\soora\Desktop\bookstore_backend\BookStore\src\services\/user.service.js:17:11)
    at tryCatch (C:\Users\soora\Desktop\bookstore_backend\BookStore\node_modules\@babel\runtime\helpers\regeneratorRuntime.js:86:17)
    at Generator._invoke (C:\Users\soora\Desktop\bookstore_backend\BookStore\node_modules\@babel\runtime\helpers\regeneratorRuntime.js:66:24)
    at Generator.next (C:\Users\soora\Desktop\bookstore_backend\BookStore\node_modules\@babel\runtime\helpers\regeneratorRuntime.js:117:21)
    at asyncGeneratorStep (C:\Users\soora\Desktop\bookstore_backend\BookStore\node_modules\@babel\runtime\helpers\asyncToGenerator.js:3:24)
    at _next (C:\Users\soora\Desktop\bookstore_backend\BookStore\node_modules\@babel\runtime\helpers\asyncToGenerator.js:25:9)
    at processTicksAndRejections (internal/process/task_queues.js:93:5) 
    url - /api/v1/users 
    method - POST 
    IP - ::1
   {"timestamp":"2022-08-04T07:33:56.655Z"}
info: Server started at http://localhost:3000/api/v1/ {"timestamp":"2022-08-04T07:42:55.723Z"}
info: Connected to the database. {"timestamp":"2022-08-04T07:42:55.759Z"}
info: Server started at http://localhost:3000/api/v1/ {"timestamp":"2022-08-04T07:44:52.666Z"}
info: Connected to the database. {"timestamp":"2022-08-04T07:44:52.736Z"}
info: Server started at http://localhost:3000/api/v1/ {"timestamp":"2022-08-04T07:59:17.555Z"}
info: Connected to the database. {"timestamp":"2022-08-04T07:59:17.574Z"}
info: Server started at http://localhost:3000/api/v1/ {"timestamp":"2022-08-04T07:59:30.075Z"}
info: Connected to the database. {"timestamp":"2022-08-04T07:59:30.099Z"}
error: 
    status - 500 
    message - SyntaxError: Unexpected token } in JSON at position 51
    at JSON.parse (<anonymous>)
    at parse (C:\Users\soora\Desktop\bookstore_backend\BookStore\node_modules\body-parser\lib\types\json.js:89:19)
    at C:\Users\soora\Desktop\bookstore_backend\BookStore\node_modules\body-parser\lib\read.js:128:18
    at AsyncResource.runInAsyncScope (async_hooks.js:198:9)
    at invokeCallback (C:\Users\soora\Desktop\bookstore_backend\BookStore\node_modules\raw-body\index.js:231:16)
    at done (C:\Users\soora\Desktop\bookstore_backend\BookStore\node_modules\raw-body\index.js:220:7)
    at IncomingMessage.onEnd (C:\Users\soora\Desktop\bookstore_backend\BookStore\node_modules\raw-body\index.js:280:7)
    at IncomingMessage.emit (events.js:327:22)
    at IncomingMessage.EventEmitter.emit (domain.js:467:12)
    at endReadableNT (internal/streams/readable.js:1327:12)
    at processTicksAndRejections (internal/process/task_queues.js:80:21) 
    url - /api/v1/users/forgotpassword 
    method - POST 
    IP - ::1
   {"timestamp":"2022-08-04T08:00:09.301Z"}
info: Server started at http://localhost:3000/api/v1/ {"timestamp":"2022-08-04T08:01:22.317Z"}
info: Connected to the database. {"timestamp":"2022-08-04T08:01:22.338Z"}
info: Server started at http://localhost:3000/api/v1/ {"timestamp":"2022-08-04T08:02:16.997Z"}
info: Connected to the database. {"timestamp":"2022-08-04T08:02:17.018Z"}
info: Server started at http://localhost:3000/api/v1/ {"timestamp":"2022-08-04T08:08:59.899Z"}
info: Connected to the database. {"timestamp":"2022-08-04T08:08:59.922Z"}
info: Server started at http://localhost:3000/api/v1/ {"timestamp":"2022-08-04T08:13:07.539Z"}
info: Connected to the database. {"timestamp":"2022-08-04T08:13:07.564Z"}
info: Server started at http://localhost:3000/api/v1/ {"timestamp":"2022-08-04T08:14:21.798Z"}
info: Connected to the database. {"timestamp":"2022-08-04T08:14:21.828Z"}
info: Server started at http://localhost:3000/api/v1/ {"timestamp":"2022-08-04T09:24:07.301Z"}
info: Connected to the database. {"timestamp":"2022-08-04T09:24:07.339Z"}
info: Server started at http://localhost:3000/api/v1/ {"timestamp":"2022-08-04T09:24:16.984Z"}
info: Connected to the database. {"timestamp":"2022-08-04T09:24:17.027Z"}
info: Server started at http://localhost:3000/api/v1/ {"timestamp":"2022-08-04T09:24:33.468Z"}
info: Connected to the database. {"timestamp":"2022-08-04T09:24:33.533Z"}
info: Server started at http://localhost:3000/api/v1/ {"timestamp":"2022-08-04T09:24:48.633Z"}
info: Connected to the database. {"timestamp":"2022-08-04T09:24:48.689Z"}
info: Server started at http://localhost:3000/api/v1/ {"timestamp":"2022-08-04T09:25:11.321Z"}
info: Connected to the database. {"timestamp":"2022-08-04T09:25:11.355Z"}
info: Server started at http://localhost:3000/api/v1/ {"timestamp":"2022-08-04T09:30:36.609Z"}
info: Connected to the database. {"timestamp":"2022-08-04T09:30:36.654Z"}
info: Server started at http://localhost:3000/api/v1/ {"timestamp":"2022-08-04T09:33:05.167Z"}
info: Connected to the database. {"timestamp":"2022-08-04T09:33:05.205Z"}
error: uncaughtException: Router.use() requires a middleware function but got a Object
TypeError: Router.use() requires a middleware function but got a Object
    at TypeError.<anonymous> (C:\Users\soora\Desktop\bookstore_backend\BookStore\node_modules\core-js\internals\wrap-error-constructor-with-cause.js:37:62)
    at new TypeError (C:\Users\soora\Desktop\bookstore_backend\BookStore\node_modules\core-js\modules\es.error.cause.js:43:47)
    at Function.use (C:\Users\soora\Desktop\bookstore_backend\BookStore\node_modules\express\lib\router\index.js:469:13)
    at routes (C:\Users\soora\Desktop\bookstore_backend\BookStore\src\routes\/index.js:16:10)
    at Object.<anonymous> (C:\Users\soora\Desktop\bookstore_backend\BookStore\src\/index.js:32:32)
    at Module._compile (internal/modules/cjs/loader.js:1063:30)
    at Module._compile (C:\Users\soora\Desktop\bookstore_backend\BookStore\node_modules\pirates\lib\index.js:136:24)
    at Module._extensions..js (internal/modules/cjs/loader.js:1092:10)
    at Object.newLoader [as .js] (C:\Users\soora\Desktop\bookstore_backend\BookStore\node_modules\pirates\lib\index.js:141:7)
    at Module.load (internal/modules/cjs/loader.js:928:32)
    at Function.Module._load (internal/modules/cjs/loader.js:769:14)
    at Function.executeUserEntryPoint [as runMain] (internal/modules/run_main.js:72:12)
    at Object.<anonymous> (C:\Users\soora\Desktop\bookstore_backend\BookStore\node_modules\@babel\node\lib\_babel-node.js:176:21)
    at Module._compile (internal/modules/cjs/loader.js:1063:30)
    at Object.Module._extensions..js (internal/modules/cjs/loader.js:1092:10)
    at Module.load (internal/modules/cjs/loader.js:928:32) {"date":"Thu Aug 04 2022 15:24:30 GMT+0530 (India Standard Time)","error":{},"exception":true,"os":{"loadavg":[0,0,0],"uptime":278460},"process":{"argv":["node","C:\\Users\\soora\\Desktop\\bookstore_backend\\BookStore\\src\\index.js"],"cwd":"C:\\Users\\soora\\Desktop\\bookstore_backend\\BookStore","execPath":"C:\\Program Files\\nodejs\\node.exe","gid":null,"memoryUsage":{"arrayBuffers":19144488,"external":21312590,"heapTotal":75784192,"heapUsed":50137936,"rss":110247936},"pid":5792,"uid":null,"version":"v14.15.4"},"stack":"TypeError: Router.use() requires a middleware function but got a Object\n    at TypeError.<anonymous> (C:\\Users\\soora\\Desktop\\bookstore_backend\\BookStore\\node_modules\\core-js\\internals\\wrap-error-constructor-with-cause.js:37:62)\n    at new TypeError (C:\\Users\\soora\\Desktop\\bookstore_backend\\BookStore\\node_modules\\core-js\\modules\\es.error.cause.js:43:47)\n    at Function.use (C:\\Users\\soora\\Desktop\\bookstore_backend\\BookStore\\node_modules\\express\\lib\\router\\index.js:469:13)\n    at routes (C:\\Users\\soora\\Desktop\\bookstore_backend\\BookStore\\src\\routes\\/index.js:16:10)\n    at Object.<anonymous> (C:\\Users\\soora\\Desktop\\bookstore_backend\\BookStore\\src\\/index.js:32:32)\n    at Module._compile (internal/modules/cjs/loader.js:1063:30)\n    at Module._compile (C:\\Users\\soora\\Desktop\\bookstore_backend\\BookStore\\node_modules\\pirates\\lib\\index.js:136:24)\n    at Module._extensions..js (internal/modules/cjs/loader.js:1092:10)\n    at Object.newLoader [as .js] (C:\\Users\\soora\\Desktop\\bookstore_backend\\BookStore\\node_modules\\pirates\\lib\\index.js:141:7)\n    at Module.load (internal/modules/cjs/loader.js:928:32)\n    at Function.Module._load (internal/modules/cjs/loader.js:769:14)\n    at Function.executeUserEntryPoint [as runMain] (internal/modules/run_main.js:72:12)\n    at Object.<anonymous> (C:\\Users\\soora\\Desktop\\bookstore_backend\\BookStore\\node_modules\\@babel\\node\\lib\\_babel-node.js:176:21)\n    at Module._compile (internal/modules/cjs/loader.js:1063:30)\n    at Object.Module._extensions..js (internal/modules/cjs/loader.js:1092:10)\n    at Module.load (internal/modules/cjs/loader.js:928:32)","timestamp":"2022-08-04T09:54:30.376Z","trace":[{"column":62,"file":"C:\\Users\\soora\\Desktop\\bookstore_backend\\BookStore\\node_modules\\core-js\\internals\\wrap-error-constructor-with-cause.js","function":null,"line":37,"method":null,"native":false},{"column":47,"file":"C:\\Users\\soora\\Desktop\\bookstore_backend\\BookStore\\node_modules\\core-js\\modules\\es.error.cause.js","function":"new TypeError","line":43,"method":null,"native":false},{"column":13,"file":"C:\\Users\\soora\\Desktop\\bookstore_backend\\BookStore\\node_modules\\express\\lib\\router\\index.js","function":"Function.use","line":469,"method":"use","native":false},{"column":10,"file":"C:\\Users\\soora\\Desktop\\bookstore_backend\\BookStore\\src\\routes\\/index.js","function":"routes","line":16,"method":null,"native":false},{"column":32,"file":"C:\\Users\\soora\\Desktop\\bookstore_backend\\BookStore\\src\\/index.js","function":null,"line":32,"method":null,"native":false},{"column":30,"file":"internal/modules/cjs/loader.js","function":"Module._compile","line":1063,"method":"_compile","native":false},{"column":24,"file":"C:\\Users\\soora\\Desktop\\bookstore_backend\\BookStore\\node_modules\\pirates\\lib\\index.js","function":"Module._compile","line":136,"method":"_compile","native":false},{"column":10,"file":"internal/modules/cjs/loader.js","function":"Module._extensions..js","line":1092,"method":".js","native":false},{"column":7,"file":"C:\\Users\\soora\\Desktop\\bookstore_backend\\BookStore\\node_modules\\pirates\\lib\\index.js","function":"Object.newLoader [as .js]","line":141,"method":"js]","native":false},{"column":32,"file":"internal/modules/cjs/loader.js","function":"Module.load","line":928,"method":"load","native":false},{"column":14,"file":"internal/modules/cjs/loader.js","function":"Module._load","line":769,"method":"_load","native":false},{"column":12,"file":"internal/modules/run_main.js","function":"Function.executeUserEntryPoint [as runMain]","line":72,"method":"executeUserEntryPoint [as runMain]","native":false},{"column":21,"file":"C:\\Users\\soora\\Desktop\\bookstore_backend\\BookStore\\node_modules\\@babel\\node\\lib\\_babel-node.js","function":null,"line":176,"method":null,"native":false},{"column":30,"file":"internal/modules/cjs/loader.js","function":"Module._compile","line":1063,"method":"_compile","native":false},{"column":10,"file":"internal/modules/cjs/loader.js","function":"Module._extensions..js","line":1092,"method":".js","native":false},{"column":32,"file":"internal/modules/cjs/loader.js","function":"Module.load","line":928,"method":"load","native":false}]}
info: Server started at http://localhost:3000/api/v1/ {"timestamp":"2022-08-04T10:08:59.927Z"}
info: Connected to the database. {"timestamp":"2022-08-04T10:08:59.969Z"}
info: Server started at http://localhost:3000/api/v1/ {"timestamp":"2022-08-04T10:11:01.374Z"}
info: Connected to the database. {"timestamp":"2022-08-04T10:11:01.396Z"}
info: Server started at http://localhost:3000/api/v1/ {"timestamp":"2022-08-04T10:31:01.861Z"}
info: Connected to the database. {"timestamp":"2022-08-04T10:31:01.884Z"}
info: Server started at http://localhost:3000/api/v1/ {"timestamp":"2022-08-04T10:38:03.463Z"}
info: Connected to the database. {"timestamp":"2022-08-04T10:38:03.496Z"}
info: Server started at http://localhost:3000/api/v1/ {"timestamp":"2022-08-04T10:52:49.260Z"}
info: Connected to the database. {"timestamp":"2022-08-04T10:52:49.308Z"}
error: 
    status - 500 
    message - ReferenceError: User is not defined
    at _callee2$ (C:\Users\soora\Desktop\bookstore_backend\BookStore\src\services\/book.service.js:10:24)
    at tryCatch (C:\Users\soora\Desktop\bookstore_backend\BookStore\node_modules\@babel\runtime\helpers\regeneratorRuntime.js:86:17)
    at Generator._invoke (C:\Users\soora\Desktop\bookstore_backend\BookStore\node_modules\@babel\runtime\helpers\regeneratorRuntime.js:66:24)
    at Generator.next (C:\Users\soora\Desktop\bookstore_backend\BookStore\node_modules\@babel\runtime\helpers\regeneratorRuntime.js:117:21)
    at asyncGeneratorStep (C:\Users\soora\Desktop\bookstore_backend\BookStore\node_modules\@babel\runtime\helpers\asyncToGenerator.js:3:24)
    at _next (C:\Users\soora\Desktop\bookstore_backend\BookStore\node_modules\@babel\runtime\helpers\asyncToGenerator.js:25:9)
    at C:\Users\soora\Desktop\bookstore_backend\BookStore\node_modules\@babel\runtime\helpers\asyncToGenerator.js:32:7
    at new Promise (<anonymous>)
    at Object.<anonymous> (C:\Users\soora\Desktop\bookstore_backend\BookStore\node_modules\@babel\runtime\helpers\asyncToGenerator.js:21:12)
    at Object.getbook (C:\Users\soora\Desktop\bookstore_backend\BookStore\src\services\/book.service.js:10:21)
    at _callee2$ (C:\Users\soora\Desktop\bookstore_backend\BookStore\src\controllers\/book.controller.js:21:38)
    at tryCatch (C:\Users\soora\Desktop\bookstore_backend\BookStore\node_modules\@babel\runtime\helpers\regeneratorRuntime.js:86:17)
    at Generator._invoke (C:\Users\soora\Desktop\bookstore_backend\BookStore\node_modules\@babel\runtime\helpers\regeneratorRuntime.js:66:24)
    at Generator.next (C:\Users\soora\Desktop\bookstore_backend\BookStore\node_modules\@babel\runtime\helpers\regeneratorRuntime.js:117:21)
    at asyncGeneratorStep (C:\Users\soora\Desktop\bookstore_backend\BookStore\node_modules\@babel\runtime\helpers\asyncToGenerator.js:3:24)
    at _next (C:\Users\soora\Desktop\bookstore_backend\BookStore\node_modules\@babel\runtime\helpers\asyncToGenerator.js:25:9) 
    url - /api/v1/books/6215888305253301a4fda5cd 
    method - GET 
    IP - ::1
   {"timestamp":"2022-08-04T10:53:09.461Z"}
error: 
    status - 500 
    message - ReferenceError: User is not defined
    at _callee2$ (C:\Users\soora\Desktop\bookstore_backend\BookStore\src\services\/book.service.js:10:24)
    at tryCatch (C:\Users\soora\Desktop\bookstore_backend\BookStore\node_modules\@babel\runtime\helpers\regeneratorRuntime.js:86:17)
    at Generator._invoke (C:\Users\soora\Desktop\bookstore_backend\BookStore\node_modules\@babel\runtime\helpers\regeneratorRuntime.js:66:24)
    at Generator.next (C:\Users\soora\Desktop\bookstore_backend\BookStore\node_modules\@babel\runtime\helpers\regeneratorRuntime.js:117:21)
    at asyncGeneratorStep (C:\Users\soora\Desktop\bookstore_backend\BookStore\node_modules\@babel\runtime\helpers\asyncToGenerator.js:3:24)
    at _next (C:\Users\soora\Desktop\bookstore_backend\BookStore\node_modules\@babel\runtime\helpers\asyncToGenerator.js:25:9)
    at C:\Users\soora\Desktop\bookstore_backend\BookStore\node_modules\@babel\runtime\helpers\asyncToGenerator.js:32:7
    at new Promise (<anonymous>)
    at Object.<anonymous> (C:\Users\soora\Desktop\bookstore_backend\BookStore\node_modules\@babel\runtime\helpers\asyncToGenerator.js:21:12)
    at Object.getbook (C:\Users\soora\Desktop\bookstore_backend\BookStore\src\services\/book.service.js:10:21)
    at _callee2$ (C:\Users\soora\Desktop\bookstore_backend\BookStore\src\controllers\/book.controller.js:21:38)
    at tryCatch (C:\Users\soora\Desktop\bookstore_backend\BookStore\node_modules\@babel\runtime\helpers\regeneratorRuntime.js:86:17)
    at Generator._invoke (C:\Users\soora\Desktop\bookstore_backend\BookStore\node_modules\@babel\runtime\helpers\regeneratorRuntime.js:66:24)
    at Generator.next (C:\Users\soora\Desktop\bookstore_backend\BookStore\node_modules\@babel\runtime\helpers\regeneratorRuntime.js:117:21)
    at asyncGeneratorStep (C:\Users\soora\Desktop\bookstore_backend\BookStore\node_modules\@babel\runtime\helpers\asyncToGenerator.js:3:24)
    at _next (C:\Users\soora\Desktop\bookstore_backend\BookStore\node_modules\@babel\runtime\helpers\asyncToGenerator.js:25:9) 
    url - /api/v1/books/6215178d05253301a4fda5c4 
    method - GET 
    IP - ::1
   {"timestamp":"2022-08-04T10:57:44.055Z"}
info: Server started at http://localhost:3000/api/v1/ {"timestamp":"2022-08-04T10:59:32.163Z"}
info: Connected to the database. {"timestamp":"2022-08-04T10:59:32.210Z"}
error: 
    status - 500 
    message - ReferenceError: User is not defined
    at _callee2$ (C:\Users\soora\Desktop\bookstore_backend\BookStore\src\services\/book.service.js:10:24)
    at tryCatch (C:\Users\soora\Desktop\bookstore_backend\BookStore\node_modules\@babel\runtime\helpers\regeneratorRuntime.js:86:17)
    at Generator._invoke (C:\Users\soora\Desktop\bookstore_backend\BookStore\node_modules\@babel\runtime\helpers\regeneratorRuntime.js:66:24)
    at Generator.next (C:\Users\soora\Desktop\bookstore_backend\BookStore\node_modules\@babel\runtime\helpers\regeneratorRuntime.js:117:21)
    at asyncGeneratorStep (C:\Users\soora\Desktop\bookstore_backend\BookStore\node_modules\@babel\runtime\helpers\asyncToGenerator.js:3:24)
    at _next (C:\Users\soora\Desktop\bookstore_backend\BookStore\node_modules\@babel\runtime\helpers\asyncToGenerator.js:25:9)
    at C:\Users\soora\Desktop\bookstore_backend\BookStore\node_modules\@babel\runtime\helpers\asyncToGenerator.js:32:7
    at new Promise (<anonymous>)
    at Object.<anonymous> (C:\Users\soora\Desktop\bookstore_backend\BookStore\node_modules\@babel\runtime\helpers\asyncToGenerator.js:21:12)
    at Object.getbook (C:\Users\soora\Desktop\bookstore_backend\BookStore\src\services\/book.service.js:10:21)
    at _callee2$ (C:\Users\soora\Desktop\bookstore_backend\BookStore\src\controllers\/book.controller.js:21:38)
    at tryCatch (C:\Users\soora\Desktop\bookstore_backend\BookStore\node_modules\@babel\runtime\helpers\regeneratorRuntime.js:86:17)
    at Generator._invoke (C:\Users\soora\Desktop\bookstore_backend\BookStore\node_modules\@babel\runtime\helpers\regeneratorRuntime.js:66:24)
    at Generator.next (C:\Users\soora\Desktop\bookstore_backend\BookStore\node_modules\@babel\runtime\helpers\regeneratorRuntime.js:117:21)
    at asyncGeneratorStep (C:\Users\soora\Desktop\bookstore_backend\BookStore\node_modules\@babel\runtime\helpers\asyncToGenerator.js:3:24)
    at _next (C:\Users\soora\Desktop\bookstore_backend\BookStore\node_modules\@babel\runtime\helpers\asyncToGenerator.js:25:9) 
    url - /api/v1/books/6215178d05253301a4fda5c4 
    method - GET 
    IP - ::1
   {"timestamp":"2022-08-04T10:59:36.587Z"}
info: Server started at http://localhost:3000/api/v1/ {"timestamp":"2022-08-04T11:00:06.131Z"}
info: Connected to the database. {"timestamp":"2022-08-04T11:00:06.180Z"}
info: Server started at http://localhost:3000/api/v1/ {"timestamp":"2022-08-05T07:02:31.047Z"}
info: Connected to the database. {"timestamp":"2022-08-05T07:02:31.117Z"}
info: Server started at http://localhost:3000/api/v1/ {"timestamp":"2022-08-05T07:06:21.610Z"}
info: Connected to the database. {"timestamp":"2022-08-05T07:06:21.649Z"}
error: 
    status - 500 
    message - JsonWebTokenError: invalid signature
    at C:\Users\soora\Desktop\bookstore_backend\BookStore\node_modules\jsonwebtoken\verify.js:133:19
    at getSecret (C:\Users\soora\Desktop\bookstore_backend\BookStore\node_modules\jsonwebtoken\verify.js:90:14)
    at Object.verify (C:\Users\soora\Desktop\bookstore_backend\BookStore\node_modules\jsonwebtoken\verify.js:94:10)
    at _callee$ (C:\Users\soora\Desktop\bookstore_backend\BookStore\src\middlewares\/auth.middleware.js:22:32)
    at tryCatch (C:\Users\soora\Desktop\bookstore_backend\BookStore\node_modules\@babel\runtime\helpers\regeneratorRuntime.js:86:17)
    at Generator._invoke (C:\Users\soora\Desktop\bookstore_backend\BookStore\node_modules\@babel\runtime\helpers\regeneratorRuntime.js:66:24)
    at Generator.next (C:\Users\soora\Desktop\bookstore_backend\BookStore\node_modules\@babel\runtime\helpers\regeneratorRuntime.js:117:21)
    at asyncGeneratorStep (C:\Users\soora\Desktop\bookstore_backend\BookStore\node_modules\@babel\runtime\helpers\asyncToGenerator.js:3:24)
    at _next (C:\Users\soora\Desktop\bookstore_backend\BookStore\node_modules\@babel\runtime\helpers\asyncToGenerator.js:25:9)
    at C:\Users\soora\Desktop\bookstore_backend\BookStore\node_modules\@babel\runtime\helpers\asyncToGenerator.js:32:7
    at new Promise (<anonymous>)
    at C:\Users\soora\Desktop\bookstore_backend\BookStore\node_modules\@babel\runtime\helpers\asyncToGenerator.js:21:12
    at userAuth (C:\Users\soora\Desktop\bookstore_backend\BookStore\src\middlewares\/auth.middleware.js:12:22)
    at Layer.handle [as handle_request] (C:\Users\soora\Desktop\bookstore_backend\BookStore\node_modules\express\lib\router\layer.js:95:5)
    at next (C:\Users\soora\Desktop\bookstore_backend\BookStore\node_modules\express\lib\router\route.js:144:13)
    at Route.dispatch (C:\Users\soora\Desktop\bookstore_backend\BookStore\node_modules\express\lib\router\route.js:114:3) 
    url - /api/v1/books 
    method - GET 
    IP - ::1
   {"timestamp":"2022-08-05T07:07:05.254Z"}
info: Server started at http://localhost:3000/api/v1/ {"timestamp":"2022-08-05T07:10:17.353Z"}
info: Connected to the database. {"timestamp":"2022-08-05T07:10:17.376Z"}
error: 
    status - 500 
    message - JsonWebTokenError: invalid signature
    at C:\Users\soora\Desktop\bookstore_backend\BookStore\node_modules\jsonwebtoken\verify.js:133:19
    at getSecret (C:\Users\soora\Desktop\bookstore_backend\BookStore\node_modules\jsonwebtoken\verify.js:90:14)
    at Object.verify (C:\Users\soora\Desktop\bookstore_backend\BookStore\node_modules\jsonwebtoken\verify.js:94:10)
    at _callee$ (C:\Users\soora\Desktop\bookstore_backend\BookStore\src\middlewares\/auth.middleware.js:22:32)
    at tryCatch (C:\Users\soora\Desktop\bookstore_backend\BookStore\node_modules\@babel\runtime\helpers\regeneratorRuntime.js:86:17)
    at Generator._invoke (C:\Users\soora\Desktop\bookstore_backend\BookStore\node_modules\@babel\runtime\helpers\regeneratorRuntime.js:66:24)
    at Generator.next (C:\Users\soora\Desktop\bookstore_backend\BookStore\node_modules\@babel\runtime\helpers\regeneratorRuntime.js:117:21)
    at asyncGeneratorStep (C:\Users\soora\Desktop\bookstore_backend\BookStore\node_modules\@babel\runtime\helpers\asyncToGenerator.js:3:24)
    at _next (C:\Users\soora\Desktop\bookstore_backend\BookStore\node_modules\@babel\runtime\helpers\asyncToGenerator.js:25:9)
    at C:\Users\soora\Desktop\bookstore_backend\BookStore\node_modules\@babel\runtime\helpers\asyncToGenerator.js:32:7
    at new Promise (<anonymous>)
    at C:\Users\soora\Desktop\bookstore_backend\BookStore\node_modules\@babel\runtime\helpers\asyncToGenerator.js:21:12
    at userAuth (C:\Users\soora\Desktop\bookstore_backend\BookStore\src\middlewares\/auth.middleware.js:12:22)
    at Layer.handle [as handle_request] (C:\Users\soora\Desktop\bookstore_backend\BookStore\node_modules\express\lib\router\layer.js:95:5)
    at next (C:\Users\soora\Desktop\bookstore_backend\BookStore\node_modules\express\lib\router\route.js:144:13)
    at Route.dispatch (C:\Users\soora\Desktop\bookstore_backend\BookStore\node_modules\express\lib\router\route.js:114:3) 
    url - /api/v1/books 
    method - GET 
    IP - ::1
   {"timestamp":"2022-08-05T07:10:21.196Z"}
info: Server started at http://localhost:3000/api/v1/ {"timestamp":"2022-08-05T07:15:07.108Z"}
info: Connected to the database. {"timestamp":"2022-08-05T07:15:07.128Z"}
info: Server started at http://localhost:3000/api/v1/ {"timestamp":"2022-08-05T07:16:35.673Z"}
info: Connected to the database. {"timestamp":"2022-08-05T07:16:35.695Z"}
info: Server started at http://localhost:3000/api/v1/ {"timestamp":"2022-08-05T07:16:46.477Z"}
info: Connected to the database. {"timestamp":"2022-08-05T07:16:46.500Z"}
info: Server started at http://localhost:3000/api/v1/ {"timestamp":"2022-08-05T08:05:50.920Z"}
info: Connected to the database. {"timestamp":"2022-08-05T08:05:50.943Z"}
info: Server started at http://localhost:3000/api/v1/ {"timestamp":"2022-08-05T08:06:17.828Z"}
info: Connected to the database. {"timestamp":"2022-08-05T08:06:17.847Z"}
error: 
    status - 500 
    message - TypeError: Cannot read property 'email' of undefined
    at _callee$ (C:\Users\soora\Desktop\bookstore_backend\BookStore\src\middlewares\/auth.middleware.js:25:28)
    at tryCatch (C:\Users\soora\Desktop\bookstore_backend\BookStore\node_modules\@babel\runtime\helpers\regeneratorRuntime.js:86:17)
    at Generator._invoke (C:\Users\soora\Desktop\bookstore_backend\BookStore\node_modules\@babel\runtime\helpers\regeneratorRuntime.js:66:24)
    at Generator.next (C:\Users\soora\Desktop\bookstore_backend\BookStore\node_modules\@babel\runtime\helpers\regeneratorRuntime.js:117:21)
    at asyncGeneratorStep (C:\Users\soora\Desktop\bookstore_backend\BookStore\node_modules\@babel\runtime\helpers\asyncToGenerator.js:3:24)
    at _next (C:\Users\soora\Desktop\bookstore_backend\BookStore\node_modules\@babel\runtime\helpers\asyncToGenerator.js:25:9)
    at processTicksAndRejections (internal/process/task_queues.js:93:5) 
    url - /api/v1/books 
    method - GET 
    IP - ::1
   {"timestamp":"2022-08-05T08:12:36.988Z"}
info: Server started at http://localhost:3000/api/v1/ {"timestamp":"2022-08-05T08:13:14.976Z"}
info: Connected to the database. {"timestamp":"2022-08-05T08:13:15.025Z"}
error: 
    status - 500 
    message - ReferenceError: body is not defined
    at _callee$ (C:\Users\soora\Desktop\bookstore_backend\BookStore\src\services\/book.service.js:5:42)
    at tryCatch (C:\Users\soora\Desktop\bookstore_backend\BookStore\node_modules\@babel\runtime\helpers\regeneratorRuntime.js:86:17)
    at Generator._invoke (C:\Users\soora\Desktop\bookstore_backend\BookStore\node_modules\@babel\runtime\helpers\regeneratorRuntime.js:66:24)
    at Generator.next (C:\Users\soora\Desktop\bookstore_backend\BookStore\node_modules\@babel\runtime\helpers\regeneratorRuntime.js:117:21)
    at asyncGeneratorStep (C:\Users\soora\Desktop\bookstore_backend\BookStore\node_modules\@babel\runtime\helpers\asyncToGenerator.js:3:24)
    at _next (C:\Users\soora\Desktop\bookstore_backend\BookStore\node_modules\@babel\runtime\helpers\asyncToGenerator.js:25:9)
    at C:\Users\soora\Desktop\bookstore_backend\BookStore\node_modules\@babel\runtime\helpers\asyncToGenerator.js:32:7
    at new Promise (<anonymous>)
    at Object.<anonymous> (C:\Users\soora\Desktop\bookstore_backend\BookStore\node_modules\@babel\runtime\helpers\asyncToGenerator.js:21:12)
    at Object.getAllbook (C:\Users\soora\Desktop\bookstore_backend\BookStore\src\services\/book.service.js:4:24)
    at _callee$ (C:\Users\soora\Desktop\bookstore_backend\BookStore\src\controllers\/book.controller.js:7:38)
    at tryCatch (C:\Users\soora\Desktop\bookstore_backend\BookStore\node_modules\@babel\runtime\helpers\regeneratorRuntime.js:86:17)
    at Generator._invoke (C:\Users\soora\Desktop\bookstore_backend\BookStore\node_modules\@babel\runtime\helpers\regeneratorRuntime.js:66:24)
    at Generator.next (C:\Users\soora\Desktop\bookstore_backend\BookStore\node_modules\@babel\runtime\helpers\regeneratorRuntime.js:117:21)
    at asyncGeneratorStep (C:\Users\soora\Desktop\bookstore_backend\BookStore\node_modules\@babel\runtime\helpers\asyncToGenerator.js:3:24)
    at _next (C:\Users\soora\Desktop\bookstore_backend\BookStore\node_modules\@babel\runtime\helpers\asyncToGenerator.js:25:9) 
    url - /api/v1/books 
    method - GET 
    IP - ::1
   {"timestamp":"2022-08-05T08:13:19.041Z"}
info: Server started at http://localhost:3000/api/v1/ {"timestamp":"2022-08-05T09:04:26.245Z"}
info: Connected to the database. {"timestamp":"2022-08-05T09:04:26.297Z"}
info: Server started at http://localhost:3000/api/v1/ {"timestamp":"2022-08-05T09:04:40.264Z"}
info: Connected to the database. {"timestamp":"2022-08-05T09:04:40.310Z"}
info: Server started at http://localhost:3000/api/v1/ {"timestamp":"2022-08-05T09:04:56.044Z"}
info: Connected to the database. {"timestamp":"2022-08-05T09:04:56.082Z"}
info: Server started at http://localhost:3000/api/v1/ {"timestamp":"2022-08-05T09:14:41.238Z"}
info: Connected to the database. {"timestamp":"2022-08-05T09:14:41.274Z"}
info: Server started at http://localhost:3000/api/v1/ {"timestamp":"2022-08-05T09:15:54.046Z"}
info: Connected to the database. {"timestamp":"2022-08-05T09:15:54.097Z"}
info: Server started at http://localhost:3000/api/v1/ {"timestamp":"2022-08-05T09:17:11.956Z"}
info: Connected to the database. {"timestamp":"2022-08-05T09:17:12.003Z"}
info: Server started at http://localhost:3000/api/v1/ {"timestamp":"2022-08-05T09:22:31.140Z"}
info: Connected to the database. {"timestamp":"2022-08-05T09:22:31.179Z"}
info: Server started at http://localhost:3000/api/v1/ {"timestamp":"2022-08-05T09:53:55.006Z"}
info: Connected to the database. {"timestamp":"2022-08-05T09:53:55.035Z"}
info: Server started at http://localhost:3000/api/v1/ {"timestamp":"2022-08-05T09:57:58.155Z"}
info: Connected to the database. {"timestamp":"2022-08-05T09:57:58.186Z"}
info: Server started at http://localhost:3000/api/v1/ {"timestamp":"2022-08-05T10:01:02.033Z"}
info: Connected to the database. {"timestamp":"2022-08-05T10:01:02.058Z"}
info: Server started at http://localhost:3000/api/v1/ {"timestamp":"2022-08-05T10:01:14.611Z"}
info: Connected to the database. {"timestamp":"2022-08-05T10:01:14.636Z"}
info: Server started at http://localhost:3000/api/v1/ {"timestamp":"2022-08-05T10:04:59.814Z"}
info: Connected to the database. {"timestamp":"2022-08-05T10:04:59.837Z"}
info: Server started at http://localhost:3000/api/v1/ {"timestamp":"2022-08-05T10:11:11.836Z"}
info: Connected to the database. {"timestamp":"2022-08-05T10:11:11.861Z"}
info: Server started at http://localhost:3000/api/v1/ {"timestamp":"2022-08-05T10:12:43.658Z"}
info: Connected to the database. {"timestamp":"2022-08-05T10:12:43.687Z"}
info: Server started at http://localhost:3000/api/v1/ {"timestamp":"2022-08-05T10:13:01.227Z"}
info: Connected to the database. {"timestamp":"2022-08-05T10:13:01.257Z"}
error: 
    status - 500 
    message - ReferenceError: body is not defined
    at _callee$ (C:\Users\soora\Desktop\bookstore_backend\BookStore\src\services\/cart.service.js:9:44)
    at tryCatch (C:\Users\soora\Desktop\bookstore_backend\BookStore\node_modules\@babel\runtime\helpers\regeneratorRuntime.js:86:17)
    at Generator._invoke (C:\Users\soora\Desktop\bookstore_backend\BookStore\node_modules\@babel\runtime\helpers\regeneratorRuntime.js:66:24)
    at Generator.next (C:\Users\soora\Desktop\bookstore_backend\BookStore\node_modules\@babel\runtime\helpers\regeneratorRuntime.js:117:21)
    at asyncGeneratorStep (C:\Users\soora\Desktop\bookstore_backend\BookStore\node_modules\@babel\runtime\helpers\asyncToGenerator.js:3:24)
    at _next (C:\Users\soora\Desktop\bookstore_backend\BookStore\node_modules\@babel\runtime\helpers\asyncToGenerator.js:25:9)
    at processTicksAndRejections (internal/process/task_queues.js:93:5) 
    url - /api/v1/cart/6215888305253301a4fda5cd 
    method - POST 
    IP - ::1
   {"timestamp":"2022-08-05T10:13:11.948Z"}
info: Server started at http://localhost:3000/api/v1/ {"timestamp":"2022-08-05T10:13:43.443Z"}
info: Connected to the database. {"timestamp":"2022-08-05T10:13:43.469Z"}
error: 
    status - 500 
    message - ReferenceError: userId is not defined
    at _callee$ (C:\Users\soora\Desktop\bookstore_backend\BookStore\src\services\/cart.service.js:9:44)
    at tryCatch (C:\Users\soora\Desktop\bookstore_backend\BookStore\node_modules\@babel\runtime\helpers\regeneratorRuntime.js:86:17)
    at Generator._invoke (C:\Users\soora\Desktop\bookstore_backend\BookStore\node_modules\@babel\runtime\helpers\regeneratorRuntime.js:66:24)
    at Generator.next (C:\Users\soora\Desktop\bookstore_backend\BookStore\node_modules\@babel\runtime\helpers\regeneratorRuntime.js:117:21)
    at asyncGeneratorStep (C:\Users\soora\Desktop\bookstore_backend\BookStore\node_modules\@babel\runtime\helpers\asyncToGenerator.js:3:24)
    at _next (C:\Users\soora\Desktop\bookstore_backend\BookStore\node_modules\@babel\runtime\helpers\asyncToGenerator.js:25:9)
    at processTicksAndRejections (internal/process/task_queues.js:93:5) 
    url - /api/v1/cart/6215888305253301a4fda5cd 
    method - POST 
    IP - ::1
   {"timestamp":"2022-08-05T10:13:47.370Z"}
info: Server started at http://localhost:3000/api/v1/ {"timestamp":"2022-08-05T10:17:59.107Z"}
info: Connected to the database. {"timestamp":"2022-08-05T10:17:59.136Z"}
info: Server started at http://localhost:3000/api/v1/ {"timestamp":"2022-08-05T10:18:10.448Z"}
info: Connected to the database. {"timestamp":"2022-08-05T10:18:10.474Z"}
info: Server started at http://localhost:3000/api/v1/ {"timestamp":"2022-08-05T10:21:18.826Z"}
info: Connected to the database. {"timestamp":"2022-08-05T10:21:18.884Z"}
info: Server started at http://localhost:3000/api/v1/ {"timestamp":"2022-08-05T10:21:28.861Z"}
info: Connected to the database. {"timestamp":"2022-08-05T10:21:28.906Z"}
error: 
    status - 500 
    message - ReferenceError: body is not defined
    at _callee$ (C:\Users\soora\Desktop\bookstore_backend\BookStore\src\services\/cart.service.js:9:44)
    at tryCatch (C:\Users\soora\Desktop\bookstore_backend\BookStore\node_modules\@babel\runtime\helpers\regeneratorRuntime.js:86:17)
    at Generator._invoke (C:\Users\soora\Desktop\bookstore_backend\BookStore\node_modules\@babel\runtime\helpers\regeneratorRuntime.js:66:24)
    at Generator.next (C:\Users\soora\Desktop\bookstore_backend\BookStore\node_modules\@babel\runtime\helpers\regeneratorRuntime.js:117:21)
    at asyncGeneratorStep (C:\Users\soora\Desktop\bookstore_backend\BookStore\node_modules\@babel\runtime\helpers\asyncToGenerator.js:3:24)
    at _next (C:\Users\soora\Desktop\bookstore_backend\BookStore\node_modules\@babel\runtime\helpers\asyncToGenerator.js:25:9)
    at processTicksAndRejections (internal/process/task_queues.js:93:5) 
    url - /api/v1/cart/6215888305253301a4fda5cd 
    method - POST 
    IP - ::1
   {"timestamp":"2022-08-05T10:21:34.639Z"}
info: Server started at http://localhost:3000/api/v1/ {"timestamp":"2022-08-05T10:22:14.001Z"}
info: Connected to the database. {"timestamp":"2022-08-05T10:22:14.068Z"}
info: Server started at http://localhost:3000/api/v1/ {"timestamp":"2022-08-05T10:24:00.662Z"}
info: Connected to the database. {"timestamp":"2022-08-05T10:24:00.714Z"}
info: Server started at http://localhost:3000/api/v1/ {"timestamp":"2022-08-05T10:24:17.237Z"}
info: Connected to the database. {"timestamp":"2022-08-05T10:24:17.289Z"}
info: Server started at http://localhost:3000/api/v1/ {"timestamp":"2022-08-05T11:06:59.129Z"}
info: Connected to the database. {"timestamp":"2022-08-05T11:06:59.182Z"}
info: Server started at http://localhost:3000/api/v1/ {"timestamp":"2022-08-05T11:09:08.748Z"}
info: Connected to the database. {"timestamp":"2022-08-05T11:09:08.795Z"}
info: Server started at http://localhost:3000/api/v1/ {"timestamp":"2022-08-05T11:13:03.475Z"}
info: Connected to the database. {"timestamp":"2022-08-05T11:13:03.538Z"}
info: Server started at http://localhost:3000/api/v1/ {"timestamp":"2022-08-05T11:14:00.092Z"}
info: Connected to the database. {"timestamp":"2022-08-05T11:14:00.155Z"}
error: 
    status - 500 
    message - TypeError: Cannot read property 'email' of undefined
    at _callee$ (C:\Users\soora\Desktop\bookstore_backend\BookStore\src\middlewares\/auth.middleware.js:24:27)
    at tryCatch (C:\Users\soora\Desktop\bookstore_backend\BookStore\node_modules\@babel\runtime\helpers\regeneratorRuntime.js:86:17)
    at Generator._invoke (C:\Users\soora\Desktop\bookstore_backend\BookStore\node_modules\@babel\runtime\helpers\regeneratorRuntime.js:66:24)
    at Generator.next (C:\Users\soora\Desktop\bookstore_backend\BookStore\node_modules\@babel\runtime\helpers\regeneratorRuntime.js:117:21)
    at asyncGeneratorStep (C:\Users\soora\Desktop\bookstore_backend\BookStore\node_modules\@babel\runtime\helpers\asyncToGenerator.js:3:24)
    at _next (C:\Users\soora\Desktop\bookstore_backend\BookStore\node_modules\@babel\runtime\helpers\asyncToGenerator.js:25:9)
    at processTicksAndRejections (internal/process/task_queues.js:93:5) 
    url - /api/v1/books 
    method - GET 
    IP - ::1
   {"timestamp":"2022-08-05T11:14:29.306Z"}
info: Server started at http://localhost:3000/api/v1/ {"timestamp":"2022-08-05T11:15:39.897Z"}
info: Connected to the database. {"timestamp":"2022-08-05T11:15:39.951Z"}
info: Server started at http://localhost:3000/api/v1/ {"timestamp":"2022-08-05T11:19:39.880Z"}
info: Connected to the database. {"timestamp":"2022-08-05T11:19:39.926Z"}
info: Server started at http://localhost:3000/api/v1/ {"timestamp":"2022-08-05T11:21:47.820Z"}
info: Connected to the database. {"timestamp":"2022-08-05T11:21:47.895Z"}
info: Server started at http://localhost:3000/api/v1/ {"timestamp":"2022-08-05T11:23:15.764Z"}
info: Connected to the database. {"timestamp":"2022-08-05T11:23:15.826Z"}
info: Server started at http://localhost:3000/api/v1/ {"timestamp":"2022-08-06T02:06:33.987Z"}
info: Connected to the database. {"timestamp":"2022-08-06T02:06:34.037Z"}
error: 
      status - 400
      message - Authorization token is required 
      url - /api/v1/cart/6215888305253301a4fda5cd 
      method - POST 
      IP - ::1
     {"timestamp":"2022-08-06T02:13:09.152Z"}
error: 
    status - 500 
    message - ReferenceError: req is not defined
    at _callee$ (C:\Users\soora\Desktop\bookstore_backend\BookStore\src\services\/cart.service.js:15:19)
    at tryCatch (C:\Users\soora\Desktop\bookstore_backend\BookStore\node_modules\@babel\runtime\helpers\regeneratorRuntime.js:86:17)
    at Generator._invoke (C:\Users\soora\Desktop\bookstore_backend\BookStore\node_modules\@babel\runtime\helpers\regeneratorRuntime.js:66:24)
    at Generator.next (C:\Users\soora\Desktop\bookstore_backend\BookStore\node_modules\@babel\runtime\helpers\regeneratorRuntime.js:117:21)
    at asyncGeneratorStep (C:\Users\soora\Desktop\bookstore_backend\BookStore\node_modules\@babel\runtime\helpers\asyncToGenerator.js:3:24)
    at _next (C:\Users\soora\Desktop\bookstore_backend\BookStore\node_modules\@babel\runtime\helpers\asyncToGenerator.js:25:9)
    at processTicksAndRejections (internal/process/task_queues.js:93:5) 
    url - /api/v1/cart/6215888305253301a4fda5cd 
    method - POST 
    IP - ::1
   {"timestamp":"2022-08-06T02:14:47.923Z"}
info: Server started at http://localhost:3000/api/v1/ {"timestamp":"2022-08-06T02:15:54.887Z"}
info: Connected to the database. {"timestamp":"2022-08-06T02:15:54.959Z"}
error: 
    status - 500 
    message - TypeError: Cannot read property 'query' of undefined
    at _callee$ (C:\Users\soora\Desktop\bookstore_backend\BookStore\src\services\/cart.service.js:15:33)
    at tryCatch (C:\Users\soora\Desktop\bookstore_backend\BookStore\node_modules\@babel\runtime\helpers\regeneratorRuntime.js:86:17)
    at Generator._invoke (C:\Users\soora\Desktop\bookstore_backend\BookStore\node_modules\@babel\runtime\helpers\regeneratorRuntime.js:66:24)
    at Generator.next (C:\Users\soora\Desktop\bookstore_backend\BookStore\node_modules\@babel\runtime\helpers\regeneratorRuntime.js:117:21)
    at asyncGeneratorStep (C:\Users\soora\Desktop\bookstore_backend\BookStore\node_modules\@babel\runtime\helpers\asyncToGenerator.js:3:24)
    at _next (C:\Users\soora\Desktop\bookstore_backend\BookStore\node_modules\@babel\runtime\helpers\asyncToGenerator.js:25:9)
    at processTicksAndRejections (internal/process/task_queues.js:93:5) 
    url - /api/v1/cart/6215888305253301a4fda5cd 
    method - POST 
    IP - ::1
   {"timestamp":"2022-08-06T02:15:58.784Z"}
info: Server started at http://localhost:3000/api/v1/ {"timestamp":"2022-08-06T02:43:43.457Z"}
info: Connected to the database. {"timestamp":"2022-08-06T02:43:43.483Z"}
error: 
    status - 500 
    message - TypeError: _book.default.filter is not a function
    at _callee$ (C:\Users\soora\Desktop\bookstore_backend\BookStore\src\services\/cart.service.js:16:39)
    at tryCatch (C:\Users\soora\Desktop\bookstore_backend\BookStore\node_modules\@babel\runtime\helpers\regeneratorRuntime.js:86:17)
    at Generator._invoke (C:\Users\soora\Desktop\bookstore_backend\BookStore\node_modules\@babel\runtime\helpers\regeneratorRuntime.js:66:24)
    at Generator.next (C:\Users\soora\Desktop\bookstore_backend\BookStore\node_modules\@babel\runtime\helpers\regeneratorRuntime.js:117:21)
    at asyncGeneratorStep (C:\Users\soora\Desktop\bookstore_backend\BookStore\node_modules\@babel\runtime\helpers\asyncToGenerator.js:3:24)
    at _next (C:\Users\soora\Desktop\bookstore_backend\BookStore\node_modules\@babel\runtime\helpers\asyncToGenerator.js:25:9)
    at processTicksAndRejections (internal/process/task_queues.js:93:5) 
    url - /api/v1/cart/6215888305253301a4fda5cd 
    method - POST 
    IP - ::1
   {"timestamp":"2022-08-06T02:43:48.657Z"}
info: Server started at http://localhost:3000/api/v1/ {"timestamp":"2022-08-06T03:14:21.926Z"}
info: Connected to the database. {"timestamp":"2022-08-06T03:14:21.966Z"}
info: Server started at http://localhost:3000/api/v1/ {"timestamp":"2022-08-06T03:18:04.110Z"}
info: Connected to the database. {"timestamp":"2022-08-06T03:18:04.151Z"}
info: Server started at http://localhost:3000/api/v1/ {"timestamp":"2022-08-06T03:18:23.771Z"}
info: Connected to the database. {"timestamp":"2022-08-06T03:18:23.802Z"}
info: Server started at http://localhost:3000/api/v1/ {"timestamp":"2022-08-06T07:30:15.128Z"}
info: Connected to the database. {"timestamp":"2022-08-06T07:30:15.174Z"}
info: Server started at http://localhost:3000/api/v1/ {"timestamp":"2022-08-07T10:59:11.071Z"}
info: Connected to the database. {"timestamp":"2022-08-07T10:59:11.141Z"}
error: 
    status - 500 
    message - TypeError: Cannot read property 'forEach' of undefined
    at _callee$ (C:\Users\soora\Desktop\bookstore_backend\BookStore\src\services\/cart.service.js:26:30)
    at tryCatch (C:\Users\soora\Desktop\bookstore_backend\BookStore\node_modules\@babel\runtime\helpers\regeneratorRuntime.js:86:17)
    at Generator._invoke (C:\Users\soora\Desktop\bookstore_backend\BookStore\node_modules\@babel\runtime\helpers\regeneratorRuntime.js:66:24)
    at Generator.next (C:\Users\soora\Desktop\bookstore_backend\BookStore\node_modules\@babel\runtime\helpers\regeneratorRuntime.js:117:21)
    at asyncGeneratorStep (C:\Users\soora\Desktop\bookstore_backend\BookStore\node_modules\@babel\runtime\helpers\asyncToGenerator.js:3:24)
    at _next (C:\Users\soora\Desktop\bookstore_backend\BookStore\node_modules\@babel\runtime\helpers\asyncToGenerator.js:25:9)
    at processTicksAndRejections (internal/process/task_queues.js:93:5) 
    url - /api/v1/cart/6215888305253301a4fda5cd 
    method - POST 
    IP - ::1
   {"timestamp":"2022-08-07T10:59:32.240Z"}
info: Server started at http://localhost:3000/api/v1/ {"timestamp":"2022-08-07T11:10:08.387Z"}
info: Connected to the database. {"timestamp":"2022-08-07T11:10:08.425Z"}
error: 
    status - 500 
    message - TypeError: Cannot read property 'forEach' of undefined
    at _callee$ (C:\Users\soora\Desktop\bookstore_backend\BookStore\src\services\/cart.service.js:26:30)
    at tryCatch (C:\Users\soora\Desktop\bookstore_backend\BookStore\node_modules\@babel\runtime\helpers\regeneratorRuntime.js:86:17)
    at Generator._invoke (C:\Users\soora\Desktop\bookstore_backend\BookStore\node_modules\@babel\runtime\helpers\regeneratorRuntime.js:66:24)
    at Generator.next (C:\Users\soora\Desktop\bookstore_backend\BookStore\node_modules\@babel\runtime\helpers\regeneratorRuntime.js:117:21)
    at asyncGeneratorStep (C:\Users\soora\Desktop\bookstore_backend\BookStore\node_modules\@babel\runtime\helpers\asyncToGenerator.js:3:24)
    at _next (C:\Users\soora\Desktop\bookstore_backend\BookStore\node_modules\@babel\runtime\helpers\asyncToGenerator.js:25:9)
    at processTicksAndRejections (internal/process/task_queues.js:93:5) 
    url - /api/v1/cart/6215888305253301a4fda5cd 
    method - POST 
    IP - ::1
   {"timestamp":"2022-08-07T11:10:36.939Z"}
info: Server started at http://localhost:3000/api/v1/ {"timestamp":"2022-08-07T12:19:02.693Z"}
info: Connected to the database. {"timestamp":"2022-08-07T12:19:02.737Z"}
info: Server started at http://localhost:3000/api/v1/ {"timestamp":"2022-08-07T12:22:18.975Z"}
info: Connected to the database. {"timestamp":"2022-08-07T12:22:19.015Z"}
error: 
    status - 500 
    message - TypeError: Cannot read property 'forEach' of undefined
    at _callee$ (C:\Users\soora\Desktop\bookstore_backend\BookStore\src\services\/cart.service.js:26:30)
    at tryCatch (C:\Users\soora\Desktop\bookstore_backend\BookStore\node_modules\@babel\runtime\helpers\regeneratorRuntime.js:86:17)
    at Generator._invoke (C:\Users\soora\Desktop\bookstore_backend\BookStore\node_modules\@babel\runtime\helpers\regeneratorRuntime.js:66:24)
    at Generator.next (C:\Users\soora\Desktop\bookstore_backend\BookStore\node_modules\@babel\runtime\helpers\regeneratorRuntime.js:117:21)
    at asyncGeneratorStep (C:\Users\soora\Desktop\bookstore_backend\BookStore\node_modules\@babel\runtime\helpers\asyncToGenerator.js:3:24)
    at _next (C:\Users\soora\Desktop\bookstore_backend\BookStore\node_modules\@babel\runtime\helpers\asyncToGenerator.js:25:9)
    at processTicksAndRejections (internal/process/task_queues.js:93:5) 
    url - /api/v1/cart/6215888305253301a4fda5cd 
    method - POST 
    IP - ::1
   {"timestamp":"2022-08-07T12:22:24.260Z"}
info: Server started at http://localhost:3000/api/v1/ {"timestamp":"2022-08-07T14:51:24.385Z"}
info: Connected to the database. {"timestamp":"2022-08-07T14:51:24.436Z"}
error: 
    status - 500 
    message - TypeError: Cannot read property 'forEach' of undefined
    at _callee$ (C:\Users\soora\Desktop\bookstore_backend\BookStore\src\services\/cart.service.js:26:30)
    at tryCatch (C:\Users\soora\Desktop\bookstore_backend\BookStore\node_modules\@babel\runtime\helpers\regeneratorRuntime.js:86:17)
    at Generator._invoke (C:\Users\soora\Desktop\bookstore_backend\BookStore\node_modules\@babel\runtime\helpers\regeneratorRuntime.js:66:24)
    at Generator.next (C:\Users\soora\Desktop\bookstore_backend\BookStore\node_modules\@babel\runtime\helpers\regeneratorRuntime.js:117:21)
    at asyncGeneratorStep (C:\Users\soora\Desktop\bookstore_backend\BookStore\node_modules\@babel\runtime\helpers\asyncToGenerator.js:3:24)
    at _next (C:\Users\soora\Desktop\bookstore_backend\BookStore\node_modules\@babel\runtime\helpers\asyncToGenerator.js:25:9)
    at processTicksAndRejections (internal/process/task_queues.js:93:5) 
    url - /api/v1/cart/6215888305253301a4fda5cd 
    method - POST 
    IP - ::1
   {"timestamp":"2022-08-07T14:51:29.862Z"}
info: Server started at http://localhost:3000/api/v1/ {"timestamp":"2022-08-07T15:20:47.808Z"}
info: Connected to the database. {"timestamp":"2022-08-07T15:20:47.846Z"}
error: 
    status - 500 
    message - TypeError: Cannot read property 'forEach' of undefined
    at _callee$ (C:\Users\soora\Desktop\bookstore_backend\BookStore\src\services\/cart.service.js:26:30)
    at tryCatch (C:\Users\soora\Desktop\bookstore_backend\BookStore\node_modules\@babel\runtime\helpers\regeneratorRuntime.js:86:17)
    at Generator._invoke (C:\Users\soora\Desktop\bookstore_backend\BookStore\node_modules\@babel\runtime\helpers\regeneratorRuntime.js:66:24)
    at Generator.next (C:\Users\soora\Desktop\bookstore_backend\BookStore\node_modules\@babel\runtime\helpers\regeneratorRuntime.js:117:21)
    at asyncGeneratorStep (C:\Users\soora\Desktop\bookstore_backend\BookStore\node_modules\@babel\runtime\helpers\asyncToGenerator.js:3:24)
    at _next (C:\Users\soora\Desktop\bookstore_backend\BookStore\node_modules\@babel\runtime\helpers\asyncToGenerator.js:25:9)
    at processTicksAndRejections (internal/process/task_queues.js:93:5) 
    url - /api/v1/cart/6215888305253301a4fda5cd 
    method - POST 
    IP - ::1
   {"timestamp":"2022-08-07T15:20:51.376Z"}
info: Server started at http://localhost:3000/api/v1/ {"timestamp":"2022-08-07T15:23:59.555Z"}
info: Connected to the database. {"timestamp":"2022-08-07T15:23:59.606Z"}
error: 
    status - 500 
    message - TypeError: cartService.sendtoCart is not a function
    at _callee$ (C:\Users\soora\Desktop\bookstore_backend\BookStore\src\controllers\/cart.controller.js:7:38)
    at tryCatch (C:\Users\soora\Desktop\bookstore_backend\BookStore\node_modules\@babel\runtime\helpers\regeneratorRuntime.js:86:17)
    at Generator._invoke (C:\Users\soora\Desktop\bookstore_backend\BookStore\node_modules\@babel\runtime\helpers\regeneratorRuntime.js:66:24)
    at Generator.next (C:\Users\soora\Desktop\bookstore_backend\BookStore\node_modules\@babel\runtime\helpers\regeneratorRuntime.js:117:21)
    at asyncGeneratorStep (C:\Users\soora\Desktop\bookstore_backend\BookStore\node_modules\@babel\runtime\helpers\asyncToGenerator.js:3:24)
    at _next (C:\Users\soora\Desktop\bookstore_backend\BookStore\node_modules\@babel\runtime\helpers\asyncToGenerator.js:25:9)
    at C:\Users\soora\Desktop\bookstore_backend\BookStore\node_modules\@babel\runtime\helpers\asyncToGenerator.js:32:7
    at new Promise (<anonymous>)
    at C:\Users\soora\Desktop\bookstore_backend\BookStore\node_modules\@babel\runtime\helpers\asyncToGenerator.js:21:12
    at sendtoCart (C:\Users\soora\Desktop\bookstore_backend\BookStore\src\controllers\/cart.controller.js:5:24)
    at Layer.handle [as handle_request] (C:\Users\soora\Desktop\bookstore_backend\BookStore\node_modules\express\lib\router\layer.js:95:5)
    at next (C:\Users\soora\Desktop\bookstore_backend\BookStore\node_modules\express\lib\router\route.js:144:13)
    at _callee$ (C:\Users\soora\Desktop\bookstore_backend\BookStore\src\middlewares\/auth.middleware.js:25:5)
    at tryCatch (C:\Users\soora\Desktop\bookstore_backend\BookStore\node_modules\@babel\runtime\helpers\regeneratorRuntime.js:86:17)
    at Generator._invoke (C:\Users\soora\Desktop\bookstore_backend\BookStore\node_modules\@babel\runtime\helpers\regeneratorRuntime.js:66:24)
    at Generator.next (C:\Users\soora\Desktop\bookstore_backend\BookStore\node_modules\@babel\runtime\helpers\regeneratorRuntime.js:117:21) 
    url - /api/v1/cart/6215892405253301a4fda5d2 
    method - POST 
    IP - ::1
   {"timestamp":"2022-08-07T15:24:23.311Z"}
info: Server started at http://localhost:3000/api/v1/ {"timestamp":"2022-08-07T15:25:24.505Z"}
info: Connected to the database. {"timestamp":"2022-08-07T15:25:24.555Z"}
info: Server started at http://localhost:3000/api/v1/ {"timestamp":"2022-08-07T15:27:00.786Z"}
info: Connected to the database. {"timestamp":"2022-08-07T15:27:00.831Z"}
info: Server started at http://localhost:3000/api/v1/ {"timestamp":"2022-08-07T15:54:51.675Z"}
info: Connected to the database. {"timestamp":"2022-08-07T15:54:51.717Z"}
info: Server started at http://localhost:3000/api/v1/ {"timestamp":"2022-08-07T15:58:41.052Z"}
info: Connected to the database. {"timestamp":"2022-08-07T15:58:41.090Z"}
info: Server started at http://localhost:3000/api/v1/ {"timestamp":"2022-08-07T16:00:53.068Z"}
info: Connected to the database. {"timestamp":"2022-08-07T16:00:53.121Z"}
info: Server started at http://localhost:3000/api/v1/ {"timestamp":"2022-08-07T16:02:49.209Z"}
info: Connected to the database. {"timestamp":"2022-08-07T16:02:49.258Z"}
info: Server started at http://localhost:3000/api/v1/ {"timestamp":"2022-08-07T16:04:00.684Z"}
info: Connected to the database. {"timestamp":"2022-08-07T16:04:00.722Z"}
error: 
    status - 500 
    message - ReferenceError: element is not defined
    at _callee$ (C:\Users\soora\Desktop\bookstore_backend\BookStore\src\services\/cart.service.js:50:25)
    at tryCatch (C:\Users\soora\Desktop\bookstore_backend\BookStore\node_modules\@babel\runtime\helpers\regeneratorRuntime.js:86:17)
    at Generator._invoke (C:\Users\soora\Desktop\bookstore_backend\BookStore\node_modules\@babel\runtime\helpers\regeneratorRuntime.js:66:24)
    at Generator.next (C:\Users\soora\Desktop\bookstore_backend\BookStore\node_modules\@babel\runtime\helpers\regeneratorRuntime.js:117:21)
    at asyncGeneratorStep (C:\Users\soora\Desktop\bookstore_backend\BookStore\node_modules\@babel\runtime\helpers\asyncToGenerator.js:3:24)
    at _next (C:\Users\soora\Desktop\bookstore_backend\BookStore\node_modules\@babel\runtime\helpers\asyncToGenerator.js:25:9)
    at processTicksAndRejections (internal/process/task_queues.js:93:5) 
    url - /api/v1/cart/6215893e05253301a4fda5d3 
    method - POST 
    IP - ::1
   {"timestamp":"2022-08-07T16:05:15.381Z"}
info: Server started at http://localhost:3000/api/v1/ {"timestamp":"2022-08-07T16:06:29.065Z"}
info: Connected to the database. {"timestamp":"2022-08-07T16:06:29.114Z"}
info: Server started at http://localhost:3000/api/v1/ {"timestamp":"2022-08-07T16:08:35.326Z"}
info: Connected to the database. {"timestamp":"2022-08-07T16:08:35.396Z"}
info: Server started at http://localhost:3000/api/v1/ {"timestamp":"2022-08-07T16:10:21.732Z"}
info: Connected to the database. {"timestamp":"2022-08-07T16:10:21.767Z"}
info: Server started at http://localhost:3000/api/v1/ {"timestamp":"2022-08-07T16:17:44.437Z"}
info: Connected to the database. {"timestamp":"2022-08-07T16:17:44.480Z"}
info: Server started at http://localhost:3000/api/v1/ {"timestamp":"2022-08-08T02:30:39.767Z"}
info: Connected to the database. {"timestamp":"2022-08-08T02:30:39.792Z"}
info: Server started at http://localhost:3000/api/v1/ {"timestamp":"2022-08-08T02:39:18.884Z"}
info: Connected to the database. {"timestamp":"2022-08-08T02:39:18.904Z"}
info: Server started at http://localhost:3000/api/v1/ {"timestamp":"2022-08-08T02:43:12.823Z"}
info: Connected to the database. {"timestamp":"2022-08-08T02:43:12.847Z"}
info: Server started at http://localhost:3000/api/v1/ {"timestamp":"2022-08-08T03:02:48.326Z"}
info: Connected to the database. {"timestamp":"2022-08-08T03:02:48.350Z"}
info: Server started at http://localhost:3000/api/v1/ {"timestamp":"2022-08-08T03:35:09.358Z"}
info: Connected to the database. {"timestamp":"2022-08-08T03:35:09.419Z"}
info: Server started at http://localhost:3000/api/v1/ {"timestamp":"2022-08-08T10:03:10.037Z"}
info: Connected to the database. {"timestamp":"2022-08-08T10:03:10.093Z"}
info: Server started at http://localhost:3000/api/v1/ {"timestamp":"2022-08-08T15:00:21.257Z"}
info: Connected to the database. {"timestamp":"2022-08-08T15:00:21.298Z"}
info: Server started at http://localhost:3000/api/v1/ {"timestamp":"2022-08-08T15:01:30.341Z"}
info: Connected to the database. {"timestamp":"2022-08-08T15:01:30.380Z"}
info: Server started at http://localhost:3000/api/v1/ {"timestamp":"2022-08-08T15:04:18.954Z"}
info: Connected to the database. {"timestamp":"2022-08-08T15:04:18.994Z"}
info: Server started at http://localhost:3000/api/v1/ {"timestamp":"2022-08-08T15:05:17.335Z"}
info: Connected to the database. {"timestamp":"2022-08-08T15:05:17.378Z"}
info: Server started at http://localhost:3000/api/v1/ {"timestamp":"2022-08-08T15:06:07.508Z"}
info: Connected to the database. {"timestamp":"2022-08-08T15:06:07.552Z"}
info: Server started at http://localhost:3000/api/v1/ {"timestamp":"2022-08-08T15:09:25.222Z"}
info: Connected to the database. {"timestamp":"2022-08-08T15:09:25.271Z"}
info: Server started at http://localhost:3000/api/v1/ {"timestamp":"2022-08-08T15:10:56.898Z"}
info: Connected to the database. {"timestamp":"2022-08-08T15:10:56.948Z"}
info: Server started at http://localhost:3000/api/v1/ {"timestamp":"2022-08-08T15:13:37.960Z"}
info: Connected to the database. {"timestamp":"2022-08-08T15:13:38.005Z"}
info: Server started at http://localhost:3000/api/v1/ {"timestamp":"2022-08-08T15:20:37.229Z"}
info: Connected to the database. {"timestamp":"2022-08-08T15:20:37.278Z"}
info: Server started at http://localhost:3000/api/v1/ {"timestamp":"2022-08-08T15:21:04.525Z"}
info: Connected to the database. {"timestamp":"2022-08-08T15:21:04.629Z"}
info: Server started at http://localhost:3000/api/v1/ {"timestamp":"2022-08-08T15:25:40.433Z"}
info: Connected to the database. {"timestamp":"2022-08-08T15:25:40.479Z"}
info: Server started at http://localhost:3000/api/v1/ {"timestamp":"2022-08-08T15:27:37.729Z"}
info: Connected to the database. {"timestamp":"2022-08-08T15:27:37.767Z"}
info: Server started at http://localhost:3000/api/v1/ {"timestamp":"2022-08-08T15:30:26.675Z"}
info: Connected to the database. {"timestamp":"2022-08-08T15:30:26.714Z"}
info: Server started at http://localhost:3000/api/v1/ {"timestamp":"2022-08-09T02:15:13.644Z"}
info: Connected to the database. {"timestamp":"2022-08-09T02:15:13.733Z"}
info: Server started at http://localhost:3000/api/v1/ {"timestamp":"2022-08-09T14:18:13.705Z"}
info: Connected to the database. {"timestamp":"2022-08-09T14:18:13.752Z"}
info: Server started at http://localhost:3000/api/v1/ {"timestamp":"2022-08-09T14:28:08.222Z"}
info: Connected to the database. {"timestamp":"2022-08-09T14:28:08.265Z"}
info: Server started at http://localhost:3000/api/v1/ {"timestamp":"2022-08-09T14:28:20.869Z"}
info: Connected to the database. {"timestamp":"2022-08-09T14:28:20.923Z"}
info: Server started at http://localhost:3000/api/v1/ {"timestamp":"2022-08-09T14:28:33.992Z"}
info: Connected to the database. {"timestamp":"2022-08-09T14:28:34.043Z"}
info: Server started at http://localhost:3000/api/v1/ {"timestamp":"2022-08-09T14:28:49.690Z"}
info: Connected to the database. {"timestamp":"2022-08-09T14:28:49.737Z"}
