info: Server started at http://localhost:3000/api/v1/ {"timestamp":"2022-08-07T10:59:11.071Z"}
info: Connected to the database. {"timestamp":"2022-08-07T10:59:11.141Z"}
error: 
    status - 500 
    message - TypeError: Cannot read property 'forEach' of undefined
    at _callee$ (C:\Users\soora\Desktop\bookstore_backend\BookStore\src\services\/cart.service.js:26:30)
    at tryCatch (C:\Users\soora\Desktop\bookstore_backend\BookStore\node_modules\@babel\runtime\helpers\regeneratorRuntime.js:86:17)
    at Generator._invoke (C:\Users\soora\Desktop\bookstore_backend\BookStore\node_modules\@babel\runtime\helpers\regeneratorRuntime.js:66:24)
    at Generator.next (C:\Users\soora\Desktop\bookstore_backend\BookStore\node_modules\@babel\runtime\helpers\regeneratorRuntime.js:117:21)
    at asyncGeneratorStep (C:\Users\soora\Desktop\bookstore_backend\BookStore\node_modules\@babel\runtime\helpers\asyncToGenerator.js:3:24)
    at _next (C:\Users\soora\Desktop\bookstore_backend\BookStore\node_modules\@babel\runtime\helpers\asyncToGenerator.js:25:9)
    at processTicksAndRejections (internal/process/task_queues.js:93:5) 
    url - /api/v1/cart/6215888305253301a4fda5cd 
    method - POST 
    IP - ::1
   {"timestamp":"2022-08-07T10:59:32.240Z"}
info: Server started at http://localhost:3000/api/v1/ {"timestamp":"2022-08-07T11:10:08.387Z"}
info: Connected to the database. {"timestamp":"2022-08-07T11:10:08.425Z"}
error: 
    status - 500 
    message - TypeError: Cannot read property 'forEach' of undefined
    at _callee$ (C:\Users\soora\Desktop\bookstore_backend\BookStore\src\services\/cart.service.js:26:30)
    at tryCatch (C:\Users\soora\Desktop\bookstore_backend\BookStore\node_modules\@babel\runtime\helpers\regeneratorRuntime.js:86:17)
    at Generator._invoke (C:\Users\soora\Desktop\bookstore_backend\BookStore\node_modules\@babel\runtime\helpers\regeneratorRuntime.js:66:24)
    at Generator.next (C:\Users\soora\Desktop\bookstore_backend\BookStore\node_modules\@babel\runtime\helpers\regeneratorRuntime.js:117:21)
    at asyncGeneratorStep (C:\Users\soora\Desktop\bookstore_backend\BookStore\node_modules\@babel\runtime\helpers\asyncToGenerator.js:3:24)
    at _next (C:\Users\soora\Desktop\bookstore_backend\BookStore\node_modules\@babel\runtime\helpers\asyncToGenerator.js:25:9)
    at processTicksAndRejections (internal/process/task_queues.js:93:5) 
    url - /api/v1/cart/6215888305253301a4fda5cd 
    method - POST 
    IP - ::1
   {"timestamp":"2022-08-07T11:10:36.939Z"}
info: Server started at http://localhost:3000/api/v1/ {"timestamp":"2022-08-07T12:19:02.693Z"}
info: Connected to the database. {"timestamp":"2022-08-07T12:19:02.737Z"}
info: Server started at http://localhost:3000/api/v1/ {"timestamp":"2022-08-07T12:22:18.975Z"}
info: Connected to the database. {"timestamp":"2022-08-07T12:22:19.015Z"}
error: 
    status - 500 
    message - TypeError: Cannot read property 'forEach' of undefined
    at _callee$ (C:\Users\soora\Desktop\bookstore_backend\BookStore\src\services\/cart.service.js:26:30)
    at tryCatch (C:\Users\soora\Desktop\bookstore_backend\BookStore\node_modules\@babel\runtime\helpers\regeneratorRuntime.js:86:17)
    at Generator._invoke (C:\Users\soora\Desktop\bookstore_backend\BookStore\node_modules\@babel\runtime\helpers\regeneratorRuntime.js:66:24)
    at Generator.next (C:\Users\soora\Desktop\bookstore_backend\BookStore\node_modules\@babel\runtime\helpers\regeneratorRuntime.js:117:21)
    at asyncGeneratorStep (C:\Users\soora\Desktop\bookstore_backend\BookStore\node_modules\@babel\runtime\helpers\asyncToGenerator.js:3:24)
    at _next (C:\Users\soora\Desktop\bookstore_backend\BookStore\node_modules\@babel\runtime\helpers\asyncToGenerator.js:25:9)
    at processTicksAndRejections (internal/process/task_queues.js:93:5) 
    url - /api/v1/cart/6215888305253301a4fda5cd 
    method - POST 
    IP - ::1
   {"timestamp":"2022-08-07T12:22:24.260Z"}
info: Server started at http://localhost:3000/api/v1/ {"timestamp":"2022-08-07T14:51:24.385Z"}
info: Connected to the database. {"timestamp":"2022-08-07T14:51:24.436Z"}
error: 
    status - 500 
    message - TypeError: Cannot read property 'forEach' of undefined
    at _callee$ (C:\Users\soora\Desktop\bookstore_backend\BookStore\src\services\/cart.service.js:26:30)
    at tryCatch (C:\Users\soora\Desktop\bookstore_backend\BookStore\node_modules\@babel\runtime\helpers\regeneratorRuntime.js:86:17)
    at Generator._invoke (C:\Users\soora\Desktop\bookstore_backend\BookStore\node_modules\@babel\runtime\helpers\regeneratorRuntime.js:66:24)
    at Generator.next (C:\Users\soora\Desktop\bookstore_backend\BookStore\node_modules\@babel\runtime\helpers\regeneratorRuntime.js:117:21)
    at asyncGeneratorStep (C:\Users\soora\Desktop\bookstore_backend\BookStore\node_modules\@babel\runtime\helpers\asyncToGenerator.js:3:24)
    at _next (C:\Users\soora\Desktop\bookstore_backend\BookStore\node_modules\@babel\runtime\helpers\asyncToGenerator.js:25:9)
    at processTicksAndRejections (internal/process/task_queues.js:93:5) 
    url - /api/v1/cart/6215888305253301a4fda5cd 
    method - POST 
    IP - ::1
   {"timestamp":"2022-08-07T14:51:29.862Z"}
info: Server started at http://localhost:3000/api/v1/ {"timestamp":"2022-08-07T15:20:47.808Z"}
info: Connected to the database. {"timestamp":"2022-08-07T15:20:47.846Z"}
error: 
    status - 500 
    message - TypeError: Cannot read property 'forEach' of undefined
    at _callee$ (C:\Users\soora\Desktop\bookstore_backend\BookStore\src\services\/cart.service.js:26:30)
    at tryCatch (C:\Users\soora\Desktop\bookstore_backend\BookStore\node_modules\@babel\runtime\helpers\regeneratorRuntime.js:86:17)
    at Generator._invoke (C:\Users\soora\Desktop\bookstore_backend\BookStore\node_modules\@babel\runtime\helpers\regeneratorRuntime.js:66:24)
    at Generator.next (C:\Users\soora\Desktop\bookstore_backend\BookStore\node_modules\@babel\runtime\helpers\regeneratorRuntime.js:117:21)
    at asyncGeneratorStep (C:\Users\soora\Desktop\bookstore_backend\BookStore\node_modules\@babel\runtime\helpers\asyncToGenerator.js:3:24)
    at _next (C:\Users\soora\Desktop\bookstore_backend\BookStore\node_modules\@babel\runtime\helpers\asyncToGenerator.js:25:9)
    at processTicksAndRejections (internal/process/task_queues.js:93:5) 
    url - /api/v1/cart/6215888305253301a4fda5cd 
    method - POST 
    IP - ::1
   {"timestamp":"2022-08-07T15:20:51.376Z"}
info: Server started at http://localhost:3000/api/v1/ {"timestamp":"2022-08-07T15:23:59.555Z"}
info: Connected to the database. {"timestamp":"2022-08-07T15:23:59.606Z"}
error: 
    status - 500 
    message - TypeError: cartService.sendtoCart is not a function
    at _callee$ (C:\Users\soora\Desktop\bookstore_backend\BookStore\src\controllers\/cart.controller.js:7:38)
    at tryCatch (C:\Users\soora\Desktop\bookstore_backend\BookStore\node_modules\@babel\runtime\helpers\regeneratorRuntime.js:86:17)
    at Generator._invoke (C:\Users\soora\Desktop\bookstore_backend\BookStore\node_modules\@babel\runtime\helpers\regeneratorRuntime.js:66:24)
    at Generator.next (C:\Users\soora\Desktop\bookstore_backend\BookStore\node_modules\@babel\runtime\helpers\regeneratorRuntime.js:117:21)
    at asyncGeneratorStep (C:\Users\soora\Desktop\bookstore_backend\BookStore\node_modules\@babel\runtime\helpers\asyncToGenerator.js:3:24)
    at _next (C:\Users\soora\Desktop\bookstore_backend\BookStore\node_modules\@babel\runtime\helpers\asyncToGenerator.js:25:9)
    at C:\Users\soora\Desktop\bookstore_backend\BookStore\node_modules\@babel\runtime\helpers\asyncToGenerator.js:32:7
    at new Promise (<anonymous>)
    at C:\Users\soora\Desktop\bookstore_backend\BookStore\node_modules\@babel\runtime\helpers\asyncToGenerator.js:21:12
    at sendtoCart (C:\Users\soora\Desktop\bookstore_backend\BookStore\src\controllers\/cart.controller.js:5:24)
    at Layer.handle [as handle_request] (C:\Users\soora\Desktop\bookstore_backend\BookStore\node_modules\express\lib\router\layer.js:95:5)
    at next (C:\Users\soora\Desktop\bookstore_backend\BookStore\node_modules\express\lib\router\route.js:144:13)
    at _callee$ (C:\Users\soora\Desktop\bookstore_backend\BookStore\src\middlewares\/auth.middleware.js:25:5)
    at tryCatch (C:\Users\soora\Desktop\bookstore_backend\BookStore\node_modules\@babel\runtime\helpers\regeneratorRuntime.js:86:17)
    at Generator._invoke (C:\Users\soora\Desktop\bookstore_backend\BookStore\node_modules\@babel\runtime\helpers\regeneratorRuntime.js:66:24)
    at Generator.next (C:\Users\soora\Desktop\bookstore_backend\BookStore\node_modules\@babel\runtime\helpers\regeneratorRuntime.js:117:21) 
    url - /api/v1/cart/6215892405253301a4fda5d2 
    method - POST 
    IP - ::1
   {"timestamp":"2022-08-07T15:24:23.311Z"}
info: Server started at http://localhost:3000/api/v1/ {"timestamp":"2022-08-07T15:25:24.505Z"}
info: Connected to the database. {"timestamp":"2022-08-07T15:25:24.555Z"}
info: Server started at http://localhost:3000/api/v1/ {"timestamp":"2022-08-07T15:27:00.786Z"}
info: Connected to the database. {"timestamp":"2022-08-07T15:27:00.831Z"}
info: Server started at http://localhost:3000/api/v1/ {"timestamp":"2022-08-07T15:54:51.675Z"}
info: Connected to the database. {"timestamp":"2022-08-07T15:54:51.717Z"}
info: Server started at http://localhost:3000/api/v1/ {"timestamp":"2022-08-07T15:58:41.052Z"}
info: Connected to the database. {"timestamp":"2022-08-07T15:58:41.090Z"}
info: Server started at http://localhost:3000/api/v1/ {"timestamp":"2022-08-07T16:00:53.068Z"}
info: Connected to the database. {"timestamp":"2022-08-07T16:00:53.121Z"}
info: Server started at http://localhost:3000/api/v1/ {"timestamp":"2022-08-07T16:02:49.209Z"}
info: Connected to the database. {"timestamp":"2022-08-07T16:02:49.258Z"}
info: Server started at http://localhost:3000/api/v1/ {"timestamp":"2022-08-07T16:04:00.684Z"}
info: Connected to the database. {"timestamp":"2022-08-07T16:04:00.722Z"}
error: 
    status - 500 
    message - ReferenceError: element is not defined
    at _callee$ (C:\Users\soora\Desktop\bookstore_backend\BookStore\src\services\/cart.service.js:50:25)
    at tryCatch (C:\Users\soora\Desktop\bookstore_backend\BookStore\node_modules\@babel\runtime\helpers\regeneratorRuntime.js:86:17)
    at Generator._invoke (C:\Users\soora\Desktop\bookstore_backend\BookStore\node_modules\@babel\runtime\helpers\regeneratorRuntime.js:66:24)
    at Generator.next (C:\Users\soora\Desktop\bookstore_backend\BookStore\node_modules\@babel\runtime\helpers\regeneratorRuntime.js:117:21)
    at asyncGeneratorStep (C:\Users\soora\Desktop\bookstore_backend\BookStore\node_modules\@babel\runtime\helpers\asyncToGenerator.js:3:24)
    at _next (C:\Users\soora\Desktop\bookstore_backend\BookStore\node_modules\@babel\runtime\helpers\asyncToGenerator.js:25:9)
    at processTicksAndRejections (internal/process/task_queues.js:93:5) 
    url - /api/v1/cart/6215893e05253301a4fda5d3 
    method - POST 
    IP - ::1
   {"timestamp":"2022-08-07T16:05:15.381Z"}
info: Server started at http://localhost:3000/api/v1/ {"timestamp":"2022-08-07T16:06:29.065Z"}
info: Connected to the database. {"timestamp":"2022-08-07T16:06:29.114Z"}
info: Server started at http://localhost:3000/api/v1/ {"timestamp":"2022-08-07T16:08:35.326Z"}
info: Connected to the database. {"timestamp":"2022-08-07T16:08:35.396Z"}
info: Server started at http://localhost:3000/api/v1/ {"timestamp":"2022-08-07T16:10:21.732Z"}
info: Connected to the database. {"timestamp":"2022-08-07T16:10:21.767Z"}
info: Server started at http://localhost:3000/api/v1/ {"timestamp":"2022-08-07T16:17:44.437Z"}
info: Connected to the database. {"timestamp":"2022-08-07T16:17:44.480Z"}
