info: Server started at http://localhost:3000/api/v1/ {"timestamp":"2022-08-04T06:58:21.097Z"}
info: Connected to the database. {"timestamp":"2022-08-04T06:58:21.167Z"}
error: 
    status - 500 
    message - ReferenceError: bcrypt is not defined
    at _callee2$ (C:\Users\soora\Desktop\bookstore_backend\BookStore\src\services\/user.service.js:10:33)
    at tryCatch (C:\Users\soora\Desktop\bookstore_backend\BookStore\node_modules\@babel\runtime\helpers\regeneratorRuntime.js:86:17)
    at Generator._invoke (C:\Users\soora\Desktop\bookstore_backend\BookStore\node_modules\@babel\runtime\helpers\regeneratorRuntime.js:66:24)
    at Generator.next (C:\Users\soora\Desktop\bookstore_backend\BookStore\node_modules\@babel\runtime\helpers\regeneratorRuntime.js:117:21)
    at asyncGeneratorStep (C:\Users\soora\Desktop\bookstore_backend\BookStore\node_modules\@babel\runtime\helpers\asyncToGenerator.js:3:24)
    at _next (C:\Users\soora\Desktop\bookstore_backend\BookStore\node_modules\@babel\runtime\helpers\asyncToGenerator.js:25:9)
    at processTicksAndRejections (internal/process/task_queues.js:93:5) 
    url - /api/v1/users 
    method - POST 
    IP - ::1
   {"timestamp":"2022-08-04T07:25:58.570Z"}
info: Server started at http://localhost:3000/api/v1/ {"timestamp":"2022-08-04T07:29:54.147Z"}
info: Connected to the database. {"timestamp":"2022-08-04T07:29:54.192Z"}
info: Server started at http://localhost:3000/api/v1/ {"timestamp":"2022-08-04T07:32:16.655Z"}
info: Connected to the database. {"timestamp":"2022-08-04T07:32:16.691Z"}
error: 
    status - 500 
    message - Error: user already existed
    at Error.<anonymous> (C:\Users\soora\Desktop\bookstore_backend\BookStore\node_modules\core-js\internals\wrap-error-constructor-with-cause.js:37:62)
    at new Error (C:\Users\soora\Desktop\bookstore_backend\BookStore\node_modules\core-js\modules\es.error.cause.js:28:43)
    at _callee2$ (C:\Users\soora\Desktop\bookstore_backend\BookStore\src\services\/user.service.js:17:11)
    at tryCatch (C:\Users\soora\Desktop\bookstore_backend\BookStore\node_modules\@babel\runtime\helpers\regeneratorRuntime.js:86:17)
    at Generator._invoke (C:\Users\soora\Desktop\bookstore_backend\BookStore\node_modules\@babel\runtime\helpers\regeneratorRuntime.js:66:24)
    at Generator.next (C:\Users\soora\Desktop\bookstore_backend\BookStore\node_modules\@babel\runtime\helpers\regeneratorRuntime.js:117:21)
    at asyncGeneratorStep (C:\Users\soora\Desktop\bookstore_backend\BookStore\node_modules\@babel\runtime\helpers\asyncToGenerator.js:3:24)
    at _next (C:\Users\soora\Desktop\bookstore_backend\BookStore\node_modules\@babel\runtime\helpers\asyncToGenerator.js:25:9)
    at processTicksAndRejections (internal/process/task_queues.js:93:5) 
    url - /api/v1/users 
    method - POST 
    IP - ::1
   {"timestamp":"2022-08-04T07:33:56.655Z"}
info: Server started at http://localhost:3000/api/v1/ {"timestamp":"2022-08-04T07:42:55.723Z"}
info: Connected to the database. {"timestamp":"2022-08-04T07:42:55.759Z"}
info: Server started at http://localhost:3000/api/v1/ {"timestamp":"2022-08-04T07:44:52.666Z"}
info: Connected to the database. {"timestamp":"2022-08-04T07:44:52.736Z"}
info: Server started at http://localhost:3000/api/v1/ {"timestamp":"2022-08-04T07:59:17.555Z"}
info: Connected to the database. {"timestamp":"2022-08-04T07:59:17.574Z"}
info: Server started at http://localhost:3000/api/v1/ {"timestamp":"2022-08-04T07:59:30.075Z"}
info: Connected to the database. {"timestamp":"2022-08-04T07:59:30.099Z"}
error: 
    status - 500 
    message - SyntaxError: Unexpected token } in JSON at position 51
    at JSON.parse (<anonymous>)
    at parse (C:\Users\soora\Desktop\bookstore_backend\BookStore\node_modules\body-parser\lib\types\json.js:89:19)
    at C:\Users\soora\Desktop\bookstore_backend\BookStore\node_modules\body-parser\lib\read.js:128:18
    at AsyncResource.runInAsyncScope (async_hooks.js:198:9)
    at invokeCallback (C:\Users\soora\Desktop\bookstore_backend\BookStore\node_modules\raw-body\index.js:231:16)
    at done (C:\Users\soora\Desktop\bookstore_backend\BookStore\node_modules\raw-body\index.js:220:7)
    at IncomingMessage.onEnd (C:\Users\soora\Desktop\bookstore_backend\BookStore\node_modules\raw-body\index.js:280:7)
    at IncomingMessage.emit (events.js:327:22)
    at IncomingMessage.EventEmitter.emit (domain.js:467:12)
    at endReadableNT (internal/streams/readable.js:1327:12)
    at processTicksAndRejections (internal/process/task_queues.js:80:21) 
    url - /api/v1/users/forgotpassword 
    method - POST 
    IP - ::1
   {"timestamp":"2022-08-04T08:00:09.301Z"}
info: Server started at http://localhost:3000/api/v1/ {"timestamp":"2022-08-04T08:01:22.317Z"}
info: Connected to the database. {"timestamp":"2022-08-04T08:01:22.338Z"}
info: Server started at http://localhost:3000/api/v1/ {"timestamp":"2022-08-04T08:02:16.997Z"}
info: Connected to the database. {"timestamp":"2022-08-04T08:02:17.018Z"}
info: Server started at http://localhost:3000/api/v1/ {"timestamp":"2022-08-04T08:08:59.899Z"}
info: Connected to the database. {"timestamp":"2022-08-04T08:08:59.922Z"}
info: Server started at http://localhost:3000/api/v1/ {"timestamp":"2022-08-04T08:13:07.539Z"}
info: Connected to the database. {"timestamp":"2022-08-04T08:13:07.564Z"}
info: Server started at http://localhost:3000/api/v1/ {"timestamp":"2022-08-04T08:14:21.798Z"}
info: Connected to the database. {"timestamp":"2022-08-04T08:14:21.828Z"}
info: Server started at http://localhost:3000/api/v1/ {"timestamp":"2022-08-04T09:24:07.301Z"}
info: Connected to the database. {"timestamp":"2022-08-04T09:24:07.339Z"}
info: Server started at http://localhost:3000/api/v1/ {"timestamp":"2022-08-04T09:24:16.984Z"}
info: Connected to the database. {"timestamp":"2022-08-04T09:24:17.027Z"}
info: Server started at http://localhost:3000/api/v1/ {"timestamp":"2022-08-04T09:24:33.468Z"}
info: Connected to the database. {"timestamp":"2022-08-04T09:24:33.533Z"}
info: Server started at http://localhost:3000/api/v1/ {"timestamp":"2022-08-04T09:24:48.633Z"}
info: Connected to the database. {"timestamp":"2022-08-04T09:24:48.689Z"}
info: Server started at http://localhost:3000/api/v1/ {"timestamp":"2022-08-04T09:25:11.321Z"}
info: Connected to the database. {"timestamp":"2022-08-04T09:25:11.355Z"}
info: Server started at http://localhost:3000/api/v1/ {"timestamp":"2022-08-04T09:30:36.609Z"}
info: Connected to the database. {"timestamp":"2022-08-04T09:30:36.654Z"}
