info: Server started at http://localhost:3000/api/v1/ {"timestamp":"2022-08-12T02:38:55.425Z"}
info: Connected to the database. {"timestamp":"2022-08-12T02:38:55.460Z"}
info: Server started at http://localhost:3000/api/v1/ {"timestamp":"2022-08-12T13:14:23.835Z"}
info: Connected to the database. {"timestamp":"2022-08-12T13:14:23.874Z"}
error: 
    status - 500 
    message - JsonWebTokenError: jwt malformed
    at Object.verify (C:\Users\soora\Desktop\bookstore_backend\BookStore\node_modules\jsonwebtoken\verify.js:63:17)
    at _callee$ (C:\Users\soora\Desktop\bookstore_backend\BookStore\src\middlewares\/auth.middleware.js:22:30)
    at tryCatch (C:\Users\soora\Desktop\bookstore_backend\BookStore\node_modules\@babel\runtime\helpers\regeneratorRuntime.js:86:17)
    at Generator._invoke (C:\Users\soora\Desktop\bookstore_backend\BookStore\node_modules\@babel\runtime\helpers\regeneratorRuntime.js:66:24)
    at Generator.next (C:\Users\soora\Desktop\bookstore_backend\BookStore\node_modules\@babel\runtime\helpers\regeneratorRuntime.js:117:21)
    at asyncGeneratorStep (C:\Users\soora\Desktop\bookstore_backend\BookStore\node_modules\@babel\runtime\helpers\asyncToGenerator.js:3:24)
    at _next (C:\Users\soora\Desktop\bookstore_backend\BookStore\node_modules\@babel\runtime\helpers\asyncToGenerator.js:25:9)
    at C:\Users\soora\Desktop\bookstore_backend\BookStore\node_modules\@babel\runtime\helpers\asyncToGenerator.js:32:7
    at new Promise (<anonymous>)
    at C:\Users\soora\Desktop\bookstore_backend\BookStore\node_modules\@babel\runtime\helpers\asyncToGenerator.js:21:12
    at userAuth (C:\Users\soora\Desktop\bookstore_backend\BookStore\src\middlewares\/auth.middleware.js:12:22)
    at Layer.handle [as handle_request] (C:\Users\soora\Desktop\bookstore_backend\BookStore\node_modules\express\lib\router\layer.js:95:5)
    at next (C:\Users\soora\Desktop\bookstore_backend\BookStore\node_modules\express\lib\router\route.js:144:13)
    at Route.dispatch (C:\Users\soora\Desktop\bookstore_backend\BookStore\node_modules\express\lib\router\route.js:114:3)
    at Layer.handle [as handle_request] (C:\Users\soora\Desktop\bookstore_backend\BookStore\node_modules\express\lib\router\layer.js:95:5)
    at C:\Users\soora\Desktop\bookstore_backend\BookStore\node_modules\express\lib\router\index.js:284:15 
    url - /api/v1/books 
    method - GET 
    IP - ::1
   {"timestamp":"2022-08-12T15:25:04.603Z"}
error: 
    status - 500 
    message - JsonWebTokenError: jwt malformed
    at Object.verify (C:\Users\soora\Desktop\bookstore_backend\BookStore\node_modules\jsonwebtoken\verify.js:63:17)
    at _callee$ (C:\Users\soora\Desktop\bookstore_backend\BookStore\src\middlewares\/auth.middleware.js:22:30)
    at tryCatch (C:\Users\soora\Desktop\bookstore_backend\BookStore\node_modules\@babel\runtime\helpers\regeneratorRuntime.js:86:17)
    at Generator._invoke (C:\Users\soora\Desktop\bookstore_backend\BookStore\node_modules\@babel\runtime\helpers\regeneratorRuntime.js:66:24)
    at Generator.next (C:\Users\soora\Desktop\bookstore_backend\BookStore\node_modules\@babel\runtime\helpers\regeneratorRuntime.js:117:21)
    at asyncGeneratorStep (C:\Users\soora\Desktop\bookstore_backend\BookStore\node_modules\@babel\runtime\helpers\asyncToGenerator.js:3:24)
    at _next (C:\Users\soora\Desktop\bookstore_backend\BookStore\node_modules\@babel\runtime\helpers\asyncToGenerator.js:25:9)
    at C:\Users\soora\Desktop\bookstore_backend\BookStore\node_modules\@babel\runtime\helpers\asyncToGenerator.js:32:7
    at new Promise (<anonymous>)
    at C:\Users\soora\Desktop\bookstore_backend\BookStore\node_modules\@babel\runtime\helpers\asyncToGenerator.js:21:12
    at userAuth (C:\Users\soora\Desktop\bookstore_backend\BookStore\src\middlewares\/auth.middleware.js:12:22)
    at Layer.handle [as handle_request] (C:\Users\soora\Desktop\bookstore_backend\BookStore\node_modules\express\lib\router\layer.js:95:5)
    at next (C:\Users\soora\Desktop\bookstore_backend\BookStore\node_modules\express\lib\router\route.js:144:13)
    at Route.dispatch (C:\Users\soora\Desktop\bookstore_backend\BookStore\node_modules\express\lib\router\route.js:114:3)
    at Layer.handle [as handle_request] (C:\Users\soora\Desktop\bookstore_backend\BookStore\node_modules\express\lib\router\layer.js:95:5)
    at C:\Users\soora\Desktop\bookstore_backend\BookStore\node_modules\express\lib\router\index.js:284:15 
    url - /api/v1/books 
    method - GET 
    IP - ::1
   {"timestamp":"2022-08-12T15:25:09.448Z"}
error: 
    status - 500 
    message - JsonWebTokenError: jwt malformed
    at Object.verify (C:\Users\soora\Desktop\bookstore_backend\BookStore\node_modules\jsonwebtoken\verify.js:63:17)
    at _callee$ (C:\Users\soora\Desktop\bookstore_backend\BookStore\src\middlewares\/auth.middleware.js:22:30)
    at tryCatch (C:\Users\soora\Desktop\bookstore_backend\BookStore\node_modules\@babel\runtime\helpers\regeneratorRuntime.js:86:17)
    at Generator._invoke (C:\Users\soora\Desktop\bookstore_backend\BookStore\node_modules\@babel\runtime\helpers\regeneratorRuntime.js:66:24)
    at Generator.next (C:\Users\soora\Desktop\bookstore_backend\BookStore\node_modules\@babel\runtime\helpers\regeneratorRuntime.js:117:21)
    at asyncGeneratorStep (C:\Users\soora\Desktop\bookstore_backend\BookStore\node_modules\@babel\runtime\helpers\asyncToGenerator.js:3:24)
    at _next (C:\Users\soora\Desktop\bookstore_backend\BookStore\node_modules\@babel\runtime\helpers\asyncToGenerator.js:25:9)
    at C:\Users\soora\Desktop\bookstore_backend\BookStore\node_modules\@babel\runtime\helpers\asyncToGenerator.js:32:7
    at new Promise (<anonymous>)
    at C:\Users\soora\Desktop\bookstore_backend\BookStore\node_modules\@babel\runtime\helpers\asyncToGenerator.js:21:12
    at userAuth (C:\Users\soora\Desktop\bookstore_backend\BookStore\src\middlewares\/auth.middleware.js:12:22)
    at Layer.handle [as handle_request] (C:\Users\soora\Desktop\bookstore_backend\BookStore\node_modules\express\lib\router\layer.js:95:5)
    at next (C:\Users\soora\Desktop\bookstore_backend\BookStore\node_modules\express\lib\router\route.js:144:13)
    at Route.dispatch (C:\Users\soora\Desktop\bookstore_backend\BookStore\node_modules\express\lib\router\route.js:114:3)
    at Layer.handle [as handle_request] (C:\Users\soora\Desktop\bookstore_backend\BookStore\node_modules\express\lib\router\layer.js:95:5)
    at C:\Users\soora\Desktop\bookstore_backend\BookStore\node_modules\express\lib\router\index.js:284:15 
    url - /api/v1/books 
    method - GET 
    IP - ::1
   {"timestamp":"2022-08-12T15:25:27.416Z"}
error: 
    status - 500 
    message - JsonWebTokenError: jwt malformed
    at Object.verify (C:\Users\soora\Desktop\bookstore_backend\BookStore\node_modules\jsonwebtoken\verify.js:63:17)
    at _callee$ (C:\Users\soora\Desktop\bookstore_backend\BookStore\src\middlewares\/auth.middleware.js:22:30)
    at tryCatch (C:\Users\soora\Desktop\bookstore_backend\BookStore\node_modules\@babel\runtime\helpers\regeneratorRuntime.js:86:17)
    at Generator._invoke (C:\Users\soora\Desktop\bookstore_backend\BookStore\node_modules\@babel\runtime\helpers\regeneratorRuntime.js:66:24)
    at Generator.next (C:\Users\soora\Desktop\bookstore_backend\BookStore\node_modules\@babel\runtime\helpers\regeneratorRuntime.js:117:21)
    at asyncGeneratorStep (C:\Users\soora\Desktop\bookstore_backend\BookStore\node_modules\@babel\runtime\helpers\asyncToGenerator.js:3:24)
    at _next (C:\Users\soora\Desktop\bookstore_backend\BookStore\node_modules\@babel\runtime\helpers\asyncToGenerator.js:25:9)
    at C:\Users\soora\Desktop\bookstore_backend\BookStore\node_modules\@babel\runtime\helpers\asyncToGenerator.js:32:7
    at new Promise (<anonymous>)
    at C:\Users\soora\Desktop\bookstore_backend\BookStore\node_modules\@babel\runtime\helpers\asyncToGenerator.js:21:12
    at userAuth (C:\Users\soora\Desktop\bookstore_backend\BookStore\src\middlewares\/auth.middleware.js:12:22)
    at Layer.handle [as handle_request] (C:\Users\soora\Desktop\bookstore_backend\BookStore\node_modules\express\lib\router\layer.js:95:5)
    at next (C:\Users\soora\Desktop\bookstore_backend\BookStore\node_modules\express\lib\router\route.js:144:13)
    at Route.dispatch (C:\Users\soora\Desktop\bookstore_backend\BookStore\node_modules\express\lib\router\route.js:114:3)
    at Layer.handle [as handle_request] (C:\Users\soora\Desktop\bookstore_backend\BookStore\node_modules\express\lib\router\layer.js:95:5)
    at C:\Users\soora\Desktop\bookstore_backend\BookStore\node_modules\express\lib\router\index.js:284:15 
    url - /api/v1/books 
    method - GET 
    IP - ::1
   {"timestamp":"2022-08-12T15:25:31.953Z"}
error: 
    status - 500 
    message - JsonWebTokenError: jwt malformed
    at Object.verify (C:\Users\soora\Desktop\bookstore_backend\BookStore\node_modules\jsonwebtoken\verify.js:63:17)
    at _callee$ (C:\Users\soora\Desktop\bookstore_backend\BookStore\src\middlewares\/auth.middleware.js:22:30)
    at tryCatch (C:\Users\soora\Desktop\bookstore_backend\BookStore\node_modules\@babel\runtime\helpers\regeneratorRuntime.js:86:17)
    at Generator._invoke (C:\Users\soora\Desktop\bookstore_backend\BookStore\node_modules\@babel\runtime\helpers\regeneratorRuntime.js:66:24)
    at Generator.next (C:\Users\soora\Desktop\bookstore_backend\BookStore\node_modules\@babel\runtime\helpers\regeneratorRuntime.js:117:21)
    at asyncGeneratorStep (C:\Users\soora\Desktop\bookstore_backend\BookStore\node_modules\@babel\runtime\helpers\asyncToGenerator.js:3:24)
    at _next (C:\Users\soora\Desktop\bookstore_backend\BookStore\node_modules\@babel\runtime\helpers\asyncToGenerator.js:25:9)
    at C:\Users\soora\Desktop\bookstore_backend\BookStore\node_modules\@babel\runtime\helpers\asyncToGenerator.js:32:7
    at new Promise (<anonymous>)
    at C:\Users\soora\Desktop\bookstore_backend\BookStore\node_modules\@babel\runtime\helpers\asyncToGenerator.js:21:12
    at userAuth (C:\Users\soora\Desktop\bookstore_backend\BookStore\src\middlewares\/auth.middleware.js:12:22)
    at Layer.handle [as handle_request] (C:\Users\soora\Desktop\bookstore_backend\BookStore\node_modules\express\lib\router\layer.js:95:5)
    at next (C:\Users\soora\Desktop\bookstore_backend\BookStore\node_modules\express\lib\router\route.js:144:13)
    at Route.dispatch (C:\Users\soora\Desktop\bookstore_backend\BookStore\node_modules\express\lib\router\route.js:114:3)
    at Layer.handle [as handle_request] (C:\Users\soora\Desktop\bookstore_backend\BookStore\node_modules\express\lib\router\layer.js:95:5)
    at C:\Users\soora\Desktop\bookstore_backend\BookStore\node_modules\express\lib\router\index.js:284:15 
    url - /api/v1/books 
    method - GET 
    IP - ::1
   {"timestamp":"2022-08-12T15:25:37.700Z"}
error: 
    status - 500 
    message - JsonWebTokenError: jwt malformed
    at Object.verify (C:\Users\soora\Desktop\bookstore_backend\BookStore\node_modules\jsonwebtoken\verify.js:63:17)
    at _callee$ (C:\Users\soora\Desktop\bookstore_backend\BookStore\src\middlewares\/auth.middleware.js:22:30)
    at tryCatch (C:\Users\soora\Desktop\bookstore_backend\BookStore\node_modules\@babel\runtime\helpers\regeneratorRuntime.js:86:17)
    at Generator._invoke (C:\Users\soora\Desktop\bookstore_backend\BookStore\node_modules\@babel\runtime\helpers\regeneratorRuntime.js:66:24)
    at Generator.next (C:\Users\soora\Desktop\bookstore_backend\BookStore\node_modules\@babel\runtime\helpers\regeneratorRuntime.js:117:21)
    at asyncGeneratorStep (C:\Users\soora\Desktop\bookstore_backend\BookStore\node_modules\@babel\runtime\helpers\asyncToGenerator.js:3:24)
    at _next (C:\Users\soora\Desktop\bookstore_backend\BookStore\node_modules\@babel\runtime\helpers\asyncToGenerator.js:25:9)
    at C:\Users\soora\Desktop\bookstore_backend\BookStore\node_modules\@babel\runtime\helpers\asyncToGenerator.js:32:7
    at new Promise (<anonymous>)
    at C:\Users\soora\Desktop\bookstore_backend\BookStore\node_modules\@babel\runtime\helpers\asyncToGenerator.js:21:12
    at userAuth (C:\Users\soora\Desktop\bookstore_backend\BookStore\src\middlewares\/auth.middleware.js:12:22)
    at Layer.handle [as handle_request] (C:\Users\soora\Desktop\bookstore_backend\BookStore\node_modules\express\lib\router\layer.js:95:5)
    at next (C:\Users\soora\Desktop\bookstore_backend\BookStore\node_modules\express\lib\router\route.js:144:13)
    at Route.dispatch (C:\Users\soora\Desktop\bookstore_backend\BookStore\node_modules\express\lib\router\route.js:114:3)
    at Layer.handle [as handle_request] (C:\Users\soora\Desktop\bookstore_backend\BookStore\node_modules\express\lib\router\layer.js:95:5)
    at C:\Users\soora\Desktop\bookstore_backend\BookStore\node_modules\express\lib\router\index.js:284:15 
    url - /api/v1/books 
    method - GET 
    IP - ::1
   {"timestamp":"2022-08-12T15:26:44.092Z"}
error: 
    status - 500 
    message - JsonWebTokenError: jwt malformed
    at Object.verify (C:\Users\soora\Desktop\bookstore_backend\BookStore\node_modules\jsonwebtoken\verify.js:63:17)
    at _callee$ (C:\Users\soora\Desktop\bookstore_backend\BookStore\src\middlewares\/auth.middleware.js:22:30)
    at tryCatch (C:\Users\soora\Desktop\bookstore_backend\BookStore\node_modules\@babel\runtime\helpers\regeneratorRuntime.js:86:17)
    at Generator._invoke (C:\Users\soora\Desktop\bookstore_backend\BookStore\node_modules\@babel\runtime\helpers\regeneratorRuntime.js:66:24)
    at Generator.next (C:\Users\soora\Desktop\bookstore_backend\BookStore\node_modules\@babel\runtime\helpers\regeneratorRuntime.js:117:21)
    at asyncGeneratorStep (C:\Users\soora\Desktop\bookstore_backend\BookStore\node_modules\@babel\runtime\helpers\asyncToGenerator.js:3:24)
    at _next (C:\Users\soora\Desktop\bookstore_backend\BookStore\node_modules\@babel\runtime\helpers\asyncToGenerator.js:25:9)
    at C:\Users\soora\Desktop\bookstore_backend\BookStore\node_modules\@babel\runtime\helpers\asyncToGenerator.js:32:7
    at new Promise (<anonymous>)
    at C:\Users\soora\Desktop\bookstore_backend\BookStore\node_modules\@babel\runtime\helpers\asyncToGenerator.js:21:12
    at userAuth (C:\Users\soora\Desktop\bookstore_backend\BookStore\src\middlewares\/auth.middleware.js:12:22)
    at Layer.handle [as handle_request] (C:\Users\soora\Desktop\bookstore_backend\BookStore\node_modules\express\lib\router\layer.js:95:5)
    at next (C:\Users\soora\Desktop\bookstore_backend\BookStore\node_modules\express\lib\router\route.js:144:13)
    at Route.dispatch (C:\Users\soora\Desktop\bookstore_backend\BookStore\node_modules\express\lib\router\route.js:114:3)
    at Layer.handle [as handle_request] (C:\Users\soora\Desktop\bookstore_backend\BookStore\node_modules\express\lib\router\layer.js:95:5)
    at C:\Users\soora\Desktop\bookstore_backend\BookStore\node_modules\express\lib\router\index.js:284:15 
    url - /api/v1/books 
    method - GET 
    IP - ::1
   {"timestamp":"2022-08-12T15:29:48.742Z"}
