info: Server started at http://localhost:3000/api/v1/ {"timestamp":"2022-08-19T02:44:07.202Z"}
info: Connected to the database. {"timestamp":"2022-08-19T02:44:07.246Z"}
error: 
      status - 400
      message - Authorization token is required 
      url - /api/v1/cart/62fef98590632d1e946ce5d9 
      method - PUT 
      IP - ::1
     {"timestamp":"2022-08-19T05:24:43.653Z"}
error: 
      status - 400
      message - Authorization token is required 
      url - /api/v1/cart/62fe6f272a85ae453c29b1f3 
      method - PUT 
      IP - ::1
     {"timestamp":"2022-08-19T05:25:46.348Z"}
error: 
      status - 400
      message - Authorization token is required 
      url - /api/v1/cart/62fe6f272a85ae453c29b1f3 
      method - PUT 
      IP - ::1
     {"timestamp":"2022-08-19T05:28:53.251Z"}
error: 
      status - 400
      message - Authorization token is required 
      url - /api/v1/cart/62fef98590632d1e946ce5d9 
      method - PUT 
      IP - ::1
     {"timestamp":"2022-08-19T05:35:36.265Z"}
error: 
    status - 500 
    message - Error: Book Is Not Exist
    at Error.<anonymous> (C:\Users\soora\Desktop\bookstore_backend\BookStore\node_modules\core-js\internals\wrap-error-constructor-with-cause.js:37:62)
    at new Error (C:\Users\soora\Desktop\bookstore_backend\BookStore\node_modules\core-js\modules\es.error.cause.js:28:43)
    at _callee$ (C:\Users\soora\Desktop\bookstore_backend\BookStore\src\services\/cart.service.js:60:13)
    at tryCatch (C:\Users\soora\Desktop\bookstore_backend\BookStore\node_modules\@babel\runtime\helpers\regeneratorRuntime.js:86:17)
    at Generator._invoke (C:\Users\soora\Desktop\bookstore_backend\BookStore\node_modules\@babel\runtime\helpers\regeneratorRuntime.js:66:24)
    at Generator.next (C:\Users\soora\Desktop\bookstore_backend\BookStore\node_modules\@babel\runtime\helpers\regeneratorRuntime.js:117:21)
    at asyncGeneratorStep (C:\Users\soora\Desktop\bookstore_backend\BookStore\node_modules\@babel\runtime\helpers\asyncToGenerator.js:3:24)
    at _next (C:\Users\soora\Desktop\bookstore_backend\BookStore\node_modules\@babel\runtime\helpers\asyncToGenerator.js:25:9)
    at runMicrotasks (<anonymous>)
    at processTicksAndRejections (internal/process/task_queues.js:93:5) 
    url - /api/v1/cart/62ff23d390632d1e946ce621 
    method - POST 
    IP - ::1
   {"timestamp":"2022-08-19T05:51:16.402Z"}
info: Server started at http://localhost:3000/api/v1/ {"timestamp":"2022-08-19T11:48:35.349Z"}
info: Connected to the database. {"timestamp":"2022-08-19T11:48:35.417Z"}
info: Server started at http://localhost:3000/api/v1/ {"timestamp":"2022-08-19T12:01:52.156Z"}
info: Connected to the database. {"timestamp":"2022-08-19T12:01:52.198Z"}
error: 
    status - 500 
    message - Error: "Pincode" is required 
    url - /api/v1/cust 
    method - POST 
    IP - ::1
   {"timestamp":"2022-08-19T12:13:56.049Z"}
error: 
    status - 500 
    message - Error: "Pincode" is required 
    url - /api/v1/cust 
    method - POST 
    IP - ::1
   {"timestamp":"2022-08-19T12:18:14.589Z"}
info: Server started at http://localhost:3000/api/v1/ {"timestamp":"2022-08-19T12:20:03.000Z"}
info: Connected to the database. {"timestamp":"2022-08-19T12:20:03.056Z"}
error: 
    status - 500 
    message - Error: "Address" is required 
    url - /api/v1/cust 
    method - POST 
    IP - ::1
   {"timestamp":"2022-08-19T12:23:05.685Z"}
error: 
    status - 500 
    message - Error: "Address" is required 
    url - /api/v1/cust 
    method - POST 
    IP - ::1
   {"timestamp":"2022-08-19T12:25:47.493Z"}
error: 
    status - 500 
    message - Error: "City" is required 
    url - /api/v1/cust 
    method - POST 
    IP - ::1
   {"timestamp":"2022-08-19T12:27:20.280Z"}
error: 
      status - 400
      message - Authorization token is required 
      url - /api/v1/cust 
      method - POST 
      IP - ::1
     {"timestamp":"2022-08-19T12:28:27.874Z"}
error: 
      status - 400
      message - Authorization token is required 
      url - /api/v1/cust 
      method - POST 
      IP - ::1
     {"timestamp":"2022-08-19T12:32:33.509Z"}
error: 
    status - 500 
    message - Error: "PhoneNumber" length must be 10 characters long 
    url - /api/v1/cust 
    method - POST 
    IP - ::1
   {"timestamp":"2022-08-19T12:42:02.349Z"}
error: 
    status - 500 
    message - Error: "PhoneNumber" length must be 10 characters long 
    url - /api/v1/cust 
    method - POST 
    IP - ::1
   {"timestamp":"2022-08-19T12:42:21.712Z"}
info: Server started at http://localhost:3000/api/v1/ {"timestamp":"2022-08-19T12:43:18.952Z"}
info: Connected to the database. {"timestamp":"2022-08-19T12:43:18.993Z"}
error: 
      status - 400
      message - Authorization token is required 
      url - /api/v1/cust 
      method - POST 
      IP - ::1
     {"timestamp":"2022-08-19T12:43:54.647Z"}
error: 
      status - 400
      message - Authorization token is required 
      url - /api/v1/cust 
      method - POST 
      IP - ::1
     {"timestamp":"2022-08-19T12:45:57.109Z"}
