info: Server started at http://localhost:3000/api/v1/ {"timestamp":"2022-09-02T10:34:18.209Z"}
info: Connected to the database. {"timestamp":"2022-09-02T10:34:18.271Z"}
error: 
    status - 500 
    message - Error: Cast to undefined failed for value undefined at path "undefined"
    at CastError.<anonymous> (C:\Users\soora\Desktop\bookstore_backend\BookStore\node_modules\core-js\internals\wrap-error-constructor-with-cause.js:37:62)
    at new Error (C:\Users\soora\Desktop\bookstore_backend\BookStore\node_modules\core-js\modules\es.error.cause.js:28:43)
    at new MongooseError (C:\Users\soora\Desktop\bookstore_backend\BookStore\node_modules\mongoose\lib\error\mongooseError.js:7:1)
    at new CastError (C:\Users\soora\Desktop\bookstore_backend\BookStore\node_modules\mongoose\lib\error\cast.js:31:7)
    at model.Query.exec (C:\Users\soora\Desktop\bookstore_backend\BookStore\node_modules\mongoose\lib\query.js:4498:21)
    at model.Query.Query.then (C:\Users\soora\Desktop\bookstore_backend\BookStore\node_modules\mongoose\lib\query.js:4592:15)
    at runMicrotasks (<anonymous>)
    at processTicksAndRejections (internal/process/task_queues.js:93:5) 
    url - /api/v1/cart/null 
    method - POST 
    IP - ::1
   {"timestamp":"2022-09-02T11:13:36.289Z"}
error: 
    status - 500 
    message - Error: Cast to undefined failed for value undefined at path "undefined"
    at CastError.<anonymous> (C:\Users\soora\Desktop\bookstore_backend\BookStore\node_modules\core-js\internals\wrap-error-constructor-with-cause.js:37:62)
    at new Error (C:\Users\soora\Desktop\bookstore_backend\BookStore\node_modules\core-js\modules\es.error.cause.js:28:43)
    at new MongooseError (C:\Users\soora\Desktop\bookstore_backend\BookStore\node_modules\mongoose\lib\error\mongooseError.js:7:1)
    at new CastError (C:\Users\soora\Desktop\bookstore_backend\BookStore\node_modules\mongoose\lib\error\cast.js:31:7)
    at model.Query.exec (C:\Users\soora\Desktop\bookstore_backend\BookStore\node_modules\mongoose\lib\query.js:4498:21)
    at model.Query.Query.then (C:\Users\soora\Desktop\bookstore_backend\BookStore\node_modules\mongoose\lib\query.js:4592:15)
    at runMicrotasks (<anonymous>)
    at processTicksAndRejections (internal/process/task_queues.js:93:5) 
    url - /api/v1/cart/null 
    method - POST 
    IP - ::1
   {"timestamp":"2022-09-02T11:32:09.321Z"}
error: 
    status - 500 
    message - Error: Cast to undefined failed for value undefined at path "undefined"
    at CastError.<anonymous> (C:\Users\soora\Desktop\bookstore_backend\BookStore\node_modules\core-js\internals\wrap-error-constructor-with-cause.js:37:62)
    at new Error (C:\Users\soora\Desktop\bookstore_backend\BookStore\node_modules\core-js\modules\es.error.cause.js:28:43)
    at new MongooseError (C:\Users\soora\Desktop\bookstore_backend\BookStore\node_modules\mongoose\lib\error\mongooseError.js:7:1)
    at new CastError (C:\Users\soora\Desktop\bookstore_backend\BookStore\node_modules\mongoose\lib\error\cast.js:31:7)
    at model.Query.exec (C:\Users\soora\Desktop\bookstore_backend\BookStore\node_modules\mongoose\lib\query.js:4498:21)
    at model.Query.Query.then (C:\Users\soora\Desktop\bookstore_backend\BookStore\node_modules\mongoose\lib\query.js:4592:15)
    at runMicrotasks (<anonymous>)
    at processTicksAndRejections (internal/process/task_queues.js:93:5) 
    url - /api/v1/cart/null 
    method - POST 
    IP - ::1
   {"timestamp":"2022-09-02T11:32:13.703Z"}
error: 
    status - 500 
    message - Error: Cast to undefined failed for value undefined at path "undefined"
    at CastError.<anonymous> (C:\Users\soora\Desktop\bookstore_backend\BookStore\node_modules\core-js\internals\wrap-error-constructor-with-cause.js:37:62)
    at new Error (C:\Users\soora\Desktop\bookstore_backend\BookStore\node_modules\core-js\modules\es.error.cause.js:28:43)
    at new MongooseError (C:\Users\soora\Desktop\bookstore_backend\BookStore\node_modules\mongoose\lib\error\mongooseError.js:7:1)
    at new CastError (C:\Users\soora\Desktop\bookstore_backend\BookStore\node_modules\mongoose\lib\error\cast.js:31:7)
    at model.Query.exec (C:\Users\soora\Desktop\bookstore_backend\BookStore\node_modules\mongoose\lib\query.js:4498:21)
    at model.Query.Query.then (C:\Users\soora\Desktop\bookstore_backend\BookStore\node_modules\mongoose\lib\query.js:4592:15)
    at runMicrotasks (<anonymous>)
    at processTicksAndRejections (internal/process/task_queues.js:93:5) 
    url - /api/v1/cart/null 
    method - POST 
    IP - ::1
   {"timestamp":"2022-09-02T11:32:37.428Z"}
error: 
    status - 500 
    message - Error: Cast to undefined failed for value undefined at path "undefined"
    at CastError.<anonymous> (C:\Users\soora\Desktop\bookstore_backend\BookStore\node_modules\core-js\internals\wrap-error-constructor-with-cause.js:37:62)
    at new Error (C:\Users\soora\Desktop\bookstore_backend\BookStore\node_modules\core-js\modules\es.error.cause.js:28:43)
    at new MongooseError (C:\Users\soora\Desktop\bookstore_backend\BookStore\node_modules\mongoose\lib\error\mongooseError.js:7:1)
    at new CastError (C:\Users\soora\Desktop\bookstore_backend\BookStore\node_modules\mongoose\lib\error\cast.js:31:7)
    at model.Query.exec (C:\Users\soora\Desktop\bookstore_backend\BookStore\node_modules\mongoose\lib\query.js:4498:21)
    at model.Query.Query.then (C:\Users\soora\Desktop\bookstore_backend\BookStore\node_modules\mongoose\lib\query.js:4592:15)
    at runMicrotasks (<anonymous>)
    at processTicksAndRejections (internal/process/task_queues.js:93:5) 
    url - /api/v1/cart/null 
    method - POST 
    IP - ::1
   {"timestamp":"2022-09-02T11:33:55.330Z"}
error: 
    status - 500 
    message - Error: Cast to undefined failed for value undefined at path "undefined"
    at CastError.<anonymous> (C:\Users\soora\Desktop\bookstore_backend\BookStore\node_modules\core-js\internals\wrap-error-constructor-with-cause.js:37:62)
    at new Error (C:\Users\soora\Desktop\bookstore_backend\BookStore\node_modules\core-js\modules\es.error.cause.js:28:43)
    at new MongooseError (C:\Users\soora\Desktop\bookstore_backend\BookStore\node_modules\mongoose\lib\error\mongooseError.js:7:1)
    at new CastError (C:\Users\soora\Desktop\bookstore_backend\BookStore\node_modules\mongoose\lib\error\cast.js:31:7)
    at model.Query.exec (C:\Users\soora\Desktop\bookstore_backend\BookStore\node_modules\mongoose\lib\query.js:4498:21)
    at model.Query.Query.then (C:\Users\soora\Desktop\bookstore_backend\BookStore\node_modules\mongoose\lib\query.js:4592:15)
    at runMicrotasks (<anonymous>)
    at processTicksAndRejections (internal/process/task_queues.js:93:5) 
    url - /api/v1/cart/null 
    method - POST 
    IP - ::1
   {"timestamp":"2022-09-02T11:35:43.649Z"}
error: 
    status - 500 
    message - Error: Cast to undefined failed for value undefined at path "undefined"
    at CastError.<anonymous> (C:\Users\soora\Desktop\bookstore_backend\BookStore\node_modules\core-js\internals\wrap-error-constructor-with-cause.js:37:62)
    at new Error (C:\Users\soora\Desktop\bookstore_backend\BookStore\node_modules\core-js\modules\es.error.cause.js:28:43)
    at new MongooseError (C:\Users\soora\Desktop\bookstore_backend\BookStore\node_modules\mongoose\lib\error\mongooseError.js:7:1)
    at new CastError (C:\Users\soora\Desktop\bookstore_backend\BookStore\node_modules\mongoose\lib\error\cast.js:31:7)
    at model.Query.exec (C:\Users\soora\Desktop\bookstore_backend\BookStore\node_modules\mongoose\lib\query.js:4498:21)
    at model.Query.Query.then (C:\Users\soora\Desktop\bookstore_backend\BookStore\node_modules\mongoose\lib\query.js:4592:15)
    at runMicrotasks (<anonymous>)
    at processTicksAndRejections (internal/process/task_queues.js:93:5) 
    url - /api/v1/cart/null 
    method - POST 
    IP - ::1
   {"timestamp":"2022-09-02T11:36:03.709Z"}
error: 
    status - 500 
    message - Error: Cast to undefined failed for value undefined at path "undefined"
    at CastError.<anonymous> (C:\Users\soora\Desktop\bookstore_backend\BookStore\node_modules\core-js\internals\wrap-error-constructor-with-cause.js:37:62)
    at new Error (C:\Users\soora\Desktop\bookstore_backend\BookStore\node_modules\core-js\modules\es.error.cause.js:28:43)
    at new MongooseError (C:\Users\soora\Desktop\bookstore_backend\BookStore\node_modules\mongoose\lib\error\mongooseError.js:7:1)
    at new CastError (C:\Users\soora\Desktop\bookstore_backend\BookStore\node_modules\mongoose\lib\error\cast.js:31:7)
    at model.Query.exec (C:\Users\soora\Desktop\bookstore_backend\BookStore\node_modules\mongoose\lib\query.js:4498:21)
    at model.Query.Query.then (C:\Users\soora\Desktop\bookstore_backend\BookStore\node_modules\mongoose\lib\query.js:4592:15)
    at runMicrotasks (<anonymous>)
    at processTicksAndRejections (internal/process/task_queues.js:93:5) 
    url - /api/v1/cart/null 
    method - POST 
    IP - ::1
   {"timestamp":"2022-09-02T11:41:12.670Z"}
info: Server started at http://localhost:3000/api/v1/ {"timestamp":"2022-09-02T12:16:01.038Z"}
info: Connected to the database. {"timestamp":"2022-09-02T12:16:01.105Z"}
