info: Server started at http://localhost:3000/api/v1/ {"timestamp":"2022-08-05T07:02:31.047Z"}
info: Connected to the database. {"timestamp":"2022-08-05T07:02:31.117Z"}
info: Server started at http://localhost:3000/api/v1/ {"timestamp":"2022-08-05T07:06:21.610Z"}
info: Connected to the database. {"timestamp":"2022-08-05T07:06:21.649Z"}
error: 
    status - 500 
    message - JsonWebTokenError: invalid signature
    at C:\Users\soora\Desktop\bookstore_backend\BookStore\node_modules\jsonwebtoken\verify.js:133:19
    at getSecret (C:\Users\soora\Desktop\bookstore_backend\BookStore\node_modules\jsonwebtoken\verify.js:90:14)
    at Object.verify (C:\Users\soora\Desktop\bookstore_backend\BookStore\node_modules\jsonwebtoken\verify.js:94:10)
    at _callee$ (C:\Users\soora\Desktop\bookstore_backend\BookStore\src\middlewares\/auth.middleware.js:22:32)
    at tryCatch (C:\Users\soora\Desktop\bookstore_backend\BookStore\node_modules\@babel\runtime\helpers\regeneratorRuntime.js:86:17)
    at Generator._invoke (C:\Users\soora\Desktop\bookstore_backend\BookStore\node_modules\@babel\runtime\helpers\regeneratorRuntime.js:66:24)
    at Generator.next (C:\Users\soora\Desktop\bookstore_backend\BookStore\node_modules\@babel\runtime\helpers\regeneratorRuntime.js:117:21)
    at asyncGeneratorStep (C:\Users\soora\Desktop\bookstore_backend\BookStore\node_modules\@babel\runtime\helpers\asyncToGenerator.js:3:24)
    at _next (C:\Users\soora\Desktop\bookstore_backend\BookStore\node_modules\@babel\runtime\helpers\asyncToGenerator.js:25:9)
    at C:\Users\soora\Desktop\bookstore_backend\BookStore\node_modules\@babel\runtime\helpers\asyncToGenerator.js:32:7
    at new Promise (<anonymous>)
    at C:\Users\soora\Desktop\bookstore_backend\BookStore\node_modules\@babel\runtime\helpers\asyncToGenerator.js:21:12
    at userAuth (C:\Users\soora\Desktop\bookstore_backend\BookStore\src\middlewares\/auth.middleware.js:12:22)
    at Layer.handle [as handle_request] (C:\Users\soora\Desktop\bookstore_backend\BookStore\node_modules\express\lib\router\layer.js:95:5)
    at next (C:\Users\soora\Desktop\bookstore_backend\BookStore\node_modules\express\lib\router\route.js:144:13)
    at Route.dispatch (C:\Users\soora\Desktop\bookstore_backend\BookStore\node_modules\express\lib\router\route.js:114:3) 
    url - /api/v1/books 
    method - GET 
    IP - ::1
   {"timestamp":"2022-08-05T07:07:05.254Z"}
info: Server started at http://localhost:3000/api/v1/ {"timestamp":"2022-08-05T07:10:17.353Z"}
info: Connected to the database. {"timestamp":"2022-08-05T07:10:17.376Z"}
error: 
    status - 500 
    message - JsonWebTokenError: invalid signature
    at C:\Users\soora\Desktop\bookstore_backend\BookStore\node_modules\jsonwebtoken\verify.js:133:19
    at getSecret (C:\Users\soora\Desktop\bookstore_backend\BookStore\node_modules\jsonwebtoken\verify.js:90:14)
    at Object.verify (C:\Users\soora\Desktop\bookstore_backend\BookStore\node_modules\jsonwebtoken\verify.js:94:10)
    at _callee$ (C:\Users\soora\Desktop\bookstore_backend\BookStore\src\middlewares\/auth.middleware.js:22:32)
    at tryCatch (C:\Users\soora\Desktop\bookstore_backend\BookStore\node_modules\@babel\runtime\helpers\regeneratorRuntime.js:86:17)
    at Generator._invoke (C:\Users\soora\Desktop\bookstore_backend\BookStore\node_modules\@babel\runtime\helpers\regeneratorRuntime.js:66:24)
    at Generator.next (C:\Users\soora\Desktop\bookstore_backend\BookStore\node_modules\@babel\runtime\helpers\regeneratorRuntime.js:117:21)
    at asyncGeneratorStep (C:\Users\soora\Desktop\bookstore_backend\BookStore\node_modules\@babel\runtime\helpers\asyncToGenerator.js:3:24)
    at _next (C:\Users\soora\Desktop\bookstore_backend\BookStore\node_modules\@babel\runtime\helpers\asyncToGenerator.js:25:9)
    at C:\Users\soora\Desktop\bookstore_backend\BookStore\node_modules\@babel\runtime\helpers\asyncToGenerator.js:32:7
    at new Promise (<anonymous>)
    at C:\Users\soora\Desktop\bookstore_backend\BookStore\node_modules\@babel\runtime\helpers\asyncToGenerator.js:21:12
    at userAuth (C:\Users\soora\Desktop\bookstore_backend\BookStore\src\middlewares\/auth.middleware.js:12:22)
    at Layer.handle [as handle_request] (C:\Users\soora\Desktop\bookstore_backend\BookStore\node_modules\express\lib\router\layer.js:95:5)
    at next (C:\Users\soora\Desktop\bookstore_backend\BookStore\node_modules\express\lib\router\route.js:144:13)
    at Route.dispatch (C:\Users\soora\Desktop\bookstore_backend\BookStore\node_modules\express\lib\router\route.js:114:3) 
    url - /api/v1/books 
    method - GET 
    IP - ::1
   {"timestamp":"2022-08-05T07:10:21.196Z"}
info: Server started at http://localhost:3000/api/v1/ {"timestamp":"2022-08-05T07:15:07.108Z"}
info: Connected to the database. {"timestamp":"2022-08-05T07:15:07.128Z"}
info: Server started at http://localhost:3000/api/v1/ {"timestamp":"2022-08-05T07:16:35.673Z"}
info: Connected to the database. {"timestamp":"2022-08-05T07:16:35.695Z"}
info: Server started at http://localhost:3000/api/v1/ {"timestamp":"2022-08-05T07:16:46.477Z"}
info: Connected to the database. {"timestamp":"2022-08-05T07:16:46.500Z"}
info: Server started at http://localhost:3000/api/v1/ {"timestamp":"2022-08-05T08:05:50.920Z"}
info: Connected to the database. {"timestamp":"2022-08-05T08:05:50.943Z"}
info: Server started at http://localhost:3000/api/v1/ {"timestamp":"2022-08-05T08:06:17.828Z"}
info: Connected to the database. {"timestamp":"2022-08-05T08:06:17.847Z"}
error: 
    status - 500 
    message - TypeError: Cannot read property 'email' of undefined
    at _callee$ (C:\Users\soora\Desktop\bookstore_backend\BookStore\src\middlewares\/auth.middleware.js:25:28)
    at tryCatch (C:\Users\soora\Desktop\bookstore_backend\BookStore\node_modules\@babel\runtime\helpers\regeneratorRuntime.js:86:17)
    at Generator._invoke (C:\Users\soora\Desktop\bookstore_backend\BookStore\node_modules\@babel\runtime\helpers\regeneratorRuntime.js:66:24)
    at Generator.next (C:\Users\soora\Desktop\bookstore_backend\BookStore\node_modules\@babel\runtime\helpers\regeneratorRuntime.js:117:21)
    at asyncGeneratorStep (C:\Users\soora\Desktop\bookstore_backend\BookStore\node_modules\@babel\runtime\helpers\asyncToGenerator.js:3:24)
    at _next (C:\Users\soora\Desktop\bookstore_backend\BookStore\node_modules\@babel\runtime\helpers\asyncToGenerator.js:25:9)
    at processTicksAndRejections (internal/process/task_queues.js:93:5) 
    url - /api/v1/books 
    method - GET 
    IP - ::1
   {"timestamp":"2022-08-05T08:12:36.988Z"}
info: Server started at http://localhost:3000/api/v1/ {"timestamp":"2022-08-05T08:13:14.976Z"}
info: Connected to the database. {"timestamp":"2022-08-05T08:13:15.025Z"}
error: 
    status - 500 
    message - ReferenceError: body is not defined
    at _callee$ (C:\Users\soora\Desktop\bookstore_backend\BookStore\src\services\/book.service.js:5:42)
    at tryCatch (C:\Users\soora\Desktop\bookstore_backend\BookStore\node_modules\@babel\runtime\helpers\regeneratorRuntime.js:86:17)
    at Generator._invoke (C:\Users\soora\Desktop\bookstore_backend\BookStore\node_modules\@babel\runtime\helpers\regeneratorRuntime.js:66:24)
    at Generator.next (C:\Users\soora\Desktop\bookstore_backend\BookStore\node_modules\@babel\runtime\helpers\regeneratorRuntime.js:117:21)
    at asyncGeneratorStep (C:\Users\soora\Desktop\bookstore_backend\BookStore\node_modules\@babel\runtime\helpers\asyncToGenerator.js:3:24)
    at _next (C:\Users\soora\Desktop\bookstore_backend\BookStore\node_modules\@babel\runtime\helpers\asyncToGenerator.js:25:9)
    at C:\Users\soora\Desktop\bookstore_backend\BookStore\node_modules\@babel\runtime\helpers\asyncToGenerator.js:32:7
    at new Promise (<anonymous>)
    at Object.<anonymous> (C:\Users\soora\Desktop\bookstore_backend\BookStore\node_modules\@babel\runtime\helpers\asyncToGenerator.js:21:12)
    at Object.getAllbook (C:\Users\soora\Desktop\bookstore_backend\BookStore\src\services\/book.service.js:4:24)
    at _callee$ (C:\Users\soora\Desktop\bookstore_backend\BookStore\src\controllers\/book.controller.js:7:38)
    at tryCatch (C:\Users\soora\Desktop\bookstore_backend\BookStore\node_modules\@babel\runtime\helpers\regeneratorRuntime.js:86:17)
    at Generator._invoke (C:\Users\soora\Desktop\bookstore_backend\BookStore\node_modules\@babel\runtime\helpers\regeneratorRuntime.js:66:24)
    at Generator.next (C:\Users\soora\Desktop\bookstore_backend\BookStore\node_modules\@babel\runtime\helpers\regeneratorRuntime.js:117:21)
    at asyncGeneratorStep (C:\Users\soora\Desktop\bookstore_backend\BookStore\node_modules\@babel\runtime\helpers\asyncToGenerator.js:3:24)
    at _next (C:\Users\soora\Desktop\bookstore_backend\BookStore\node_modules\@babel\runtime\helpers\asyncToGenerator.js:25:9) 
    url - /api/v1/books 
    method - GET 
    IP - ::1
   {"timestamp":"2022-08-05T08:13:19.041Z"}
info: Server started at http://localhost:3000/api/v1/ {"timestamp":"2022-08-05T09:04:26.245Z"}
info: Connected to the database. {"timestamp":"2022-08-05T09:04:26.297Z"}
info: Server started at http://localhost:3000/api/v1/ {"timestamp":"2022-08-05T09:04:40.264Z"}
info: Connected to the database. {"timestamp":"2022-08-05T09:04:40.310Z"}
info: Server started at http://localhost:3000/api/v1/ {"timestamp":"2022-08-05T09:04:56.044Z"}
info: Connected to the database. {"timestamp":"2022-08-05T09:04:56.082Z"}
info: Server started at http://localhost:3000/api/v1/ {"timestamp":"2022-08-05T09:14:41.238Z"}
info: Connected to the database. {"timestamp":"2022-08-05T09:14:41.274Z"}
info: Server started at http://localhost:3000/api/v1/ {"timestamp":"2022-08-05T09:15:54.046Z"}
info: Connected to the database. {"timestamp":"2022-08-05T09:15:54.097Z"}
info: Server started at http://localhost:3000/api/v1/ {"timestamp":"2022-08-05T09:17:11.956Z"}
info: Connected to the database. {"timestamp":"2022-08-05T09:17:12.003Z"}
info: Server started at http://localhost:3000/api/v1/ {"timestamp":"2022-08-05T09:22:31.140Z"}
info: Connected to the database. {"timestamp":"2022-08-05T09:22:31.179Z"}
info: Server started at http://localhost:3000/api/v1/ {"timestamp":"2022-08-05T09:53:55.006Z"}
info: Connected to the database. {"timestamp":"2022-08-05T09:53:55.035Z"}
info: Server started at http://localhost:3000/api/v1/ {"timestamp":"2022-08-05T09:57:58.155Z"}
info: Connected to the database. {"timestamp":"2022-08-05T09:57:58.186Z"}
info: Server started at http://localhost:3000/api/v1/ {"timestamp":"2022-08-05T10:01:02.033Z"}
info: Connected to the database. {"timestamp":"2022-08-05T10:01:02.058Z"}
info: Server started at http://localhost:3000/api/v1/ {"timestamp":"2022-08-05T10:01:14.611Z"}
info: Connected to the database. {"timestamp":"2022-08-05T10:01:14.636Z"}
info: Server started at http://localhost:3000/api/v1/ {"timestamp":"2022-08-05T10:04:59.814Z"}
info: Connected to the database. {"timestamp":"2022-08-05T10:04:59.837Z"}
info: Server started at http://localhost:3000/api/v1/ {"timestamp":"2022-08-05T10:11:11.836Z"}
info: Connected to the database. {"timestamp":"2022-08-05T10:11:11.861Z"}
info: Server started at http://localhost:3000/api/v1/ {"timestamp":"2022-08-05T10:12:43.658Z"}
info: Connected to the database. {"timestamp":"2022-08-05T10:12:43.687Z"}
info: Server started at http://localhost:3000/api/v1/ {"timestamp":"2022-08-05T10:13:01.227Z"}
info: Connected to the database. {"timestamp":"2022-08-05T10:13:01.257Z"}
error: 
    status - 500 
    message - ReferenceError: body is not defined
    at _callee$ (C:\Users\soora\Desktop\bookstore_backend\BookStore\src\services\/cart.service.js:9:44)
    at tryCatch (C:\Users\soora\Desktop\bookstore_backend\BookStore\node_modules\@babel\runtime\helpers\regeneratorRuntime.js:86:17)
    at Generator._invoke (C:\Users\soora\Desktop\bookstore_backend\BookStore\node_modules\@babel\runtime\helpers\regeneratorRuntime.js:66:24)
    at Generator.next (C:\Users\soora\Desktop\bookstore_backend\BookStore\node_modules\@babel\runtime\helpers\regeneratorRuntime.js:117:21)
    at asyncGeneratorStep (C:\Users\soora\Desktop\bookstore_backend\BookStore\node_modules\@babel\runtime\helpers\asyncToGenerator.js:3:24)
    at _next (C:\Users\soora\Desktop\bookstore_backend\BookStore\node_modules\@babel\runtime\helpers\asyncToGenerator.js:25:9)
    at processTicksAndRejections (internal/process/task_queues.js:93:5) 
    url - /api/v1/cart/6215888305253301a4fda5cd 
    method - POST 
    IP - ::1
   {"timestamp":"2022-08-05T10:13:11.948Z"}
info: Server started at http://localhost:3000/api/v1/ {"timestamp":"2022-08-05T10:13:43.443Z"}
info: Connected to the database. {"timestamp":"2022-08-05T10:13:43.469Z"}
error: 
    status - 500 
    message - ReferenceError: userId is not defined
    at _callee$ (C:\Users\soora\Desktop\bookstore_backend\BookStore\src\services\/cart.service.js:9:44)
    at tryCatch (C:\Users\soora\Desktop\bookstore_backend\BookStore\node_modules\@babel\runtime\helpers\regeneratorRuntime.js:86:17)
    at Generator._invoke (C:\Users\soora\Desktop\bookstore_backend\BookStore\node_modules\@babel\runtime\helpers\regeneratorRuntime.js:66:24)
    at Generator.next (C:\Users\soora\Desktop\bookstore_backend\BookStore\node_modules\@babel\runtime\helpers\regeneratorRuntime.js:117:21)
    at asyncGeneratorStep (C:\Users\soora\Desktop\bookstore_backend\BookStore\node_modules\@babel\runtime\helpers\asyncToGenerator.js:3:24)
    at _next (C:\Users\soora\Desktop\bookstore_backend\BookStore\node_modules\@babel\runtime\helpers\asyncToGenerator.js:25:9)
    at processTicksAndRejections (internal/process/task_queues.js:93:5) 
    url - /api/v1/cart/6215888305253301a4fda5cd 
    method - POST 
    IP - ::1
   {"timestamp":"2022-08-05T10:13:47.370Z"}
info: Server started at http://localhost:3000/api/v1/ {"timestamp":"2022-08-05T10:17:59.107Z"}
info: Connected to the database. {"timestamp":"2022-08-05T10:17:59.136Z"}
info: Server started at http://localhost:3000/api/v1/ {"timestamp":"2022-08-05T10:18:10.448Z"}
info: Connected to the database. {"timestamp":"2022-08-05T10:18:10.474Z"}
info: Server started at http://localhost:3000/api/v1/ {"timestamp":"2022-08-05T10:21:18.826Z"}
info: Connected to the database. {"timestamp":"2022-08-05T10:21:18.884Z"}
info: Server started at http://localhost:3000/api/v1/ {"timestamp":"2022-08-05T10:21:28.861Z"}
info: Connected to the database. {"timestamp":"2022-08-05T10:21:28.906Z"}
error: 
    status - 500 
    message - ReferenceError: body is not defined
    at _callee$ (C:\Users\soora\Desktop\bookstore_backend\BookStore\src\services\/cart.service.js:9:44)
    at tryCatch (C:\Users\soora\Desktop\bookstore_backend\BookStore\node_modules\@babel\runtime\helpers\regeneratorRuntime.js:86:17)
    at Generator._invoke (C:\Users\soora\Desktop\bookstore_backend\BookStore\node_modules\@babel\runtime\helpers\regeneratorRuntime.js:66:24)
    at Generator.next (C:\Users\soora\Desktop\bookstore_backend\BookStore\node_modules\@babel\runtime\helpers\regeneratorRuntime.js:117:21)
    at asyncGeneratorStep (C:\Users\soora\Desktop\bookstore_backend\BookStore\node_modules\@babel\runtime\helpers\asyncToGenerator.js:3:24)
    at _next (C:\Users\soora\Desktop\bookstore_backend\BookStore\node_modules\@babel\runtime\helpers\asyncToGenerator.js:25:9)
    at processTicksAndRejections (internal/process/task_queues.js:93:5) 
    url - /api/v1/cart/6215888305253301a4fda5cd 
    method - POST 
    IP - ::1
   {"timestamp":"2022-08-05T10:21:34.639Z"}
info: Server started at http://localhost:3000/api/v1/ {"timestamp":"2022-08-05T10:22:14.001Z"}
info: Connected to the database. {"timestamp":"2022-08-05T10:22:14.068Z"}
info: Server started at http://localhost:3000/api/v1/ {"timestamp":"2022-08-05T10:24:00.662Z"}
info: Connected to the database. {"timestamp":"2022-08-05T10:24:00.714Z"}
info: Server started at http://localhost:3000/api/v1/ {"timestamp":"2022-08-05T10:24:17.237Z"}
info: Connected to the database. {"timestamp":"2022-08-05T10:24:17.289Z"}
info: Server started at http://localhost:3000/api/v1/ {"timestamp":"2022-08-05T11:06:59.129Z"}
info: Connected to the database. {"timestamp":"2022-08-05T11:06:59.182Z"}
info: Server started at http://localhost:3000/api/v1/ {"timestamp":"2022-08-05T11:09:08.748Z"}
info: Connected to the database. {"timestamp":"2022-08-05T11:09:08.795Z"}
info: Server started at http://localhost:3000/api/v1/ {"timestamp":"2022-08-05T11:13:03.475Z"}
info: Connected to the database. {"timestamp":"2022-08-05T11:13:03.538Z"}
info: Server started at http://localhost:3000/api/v1/ {"timestamp":"2022-08-05T11:14:00.092Z"}
info: Connected to the database. {"timestamp":"2022-08-05T11:14:00.155Z"}
error: 
    status - 500 
    message - TypeError: Cannot read property 'email' of undefined
    at _callee$ (C:\Users\soora\Desktop\bookstore_backend\BookStore\src\middlewares\/auth.middleware.js:24:27)
    at tryCatch (C:\Users\soora\Desktop\bookstore_backend\BookStore\node_modules\@babel\runtime\helpers\regeneratorRuntime.js:86:17)
    at Generator._invoke (C:\Users\soora\Desktop\bookstore_backend\BookStore\node_modules\@babel\runtime\helpers\regeneratorRuntime.js:66:24)
    at Generator.next (C:\Users\soora\Desktop\bookstore_backend\BookStore\node_modules\@babel\runtime\helpers\regeneratorRuntime.js:117:21)
    at asyncGeneratorStep (C:\Users\soora\Desktop\bookstore_backend\BookStore\node_modules\@babel\runtime\helpers\asyncToGenerator.js:3:24)
    at _next (C:\Users\soora\Desktop\bookstore_backend\BookStore\node_modules\@babel\runtime\helpers\asyncToGenerator.js:25:9)
    at processTicksAndRejections (internal/process/task_queues.js:93:5) 
    url - /api/v1/books 
    method - GET 
    IP - ::1
   {"timestamp":"2022-08-05T11:14:29.306Z"}
info: Server started at http://localhost:3000/api/v1/ {"timestamp":"2022-08-05T11:15:39.897Z"}
info: Connected to the database. {"timestamp":"2022-08-05T11:15:39.951Z"}
info: Server started at http://localhost:3000/api/v1/ {"timestamp":"2022-08-05T11:19:39.880Z"}
info: Connected to the database. {"timestamp":"2022-08-05T11:19:39.926Z"}
info: Server started at http://localhost:3000/api/v1/ {"timestamp":"2022-08-05T11:21:47.820Z"}
info: Connected to the database. {"timestamp":"2022-08-05T11:21:47.895Z"}
info: Server started at http://localhost:3000/api/v1/ {"timestamp":"2022-08-05T11:23:15.764Z"}
info: Connected to the database. {"timestamp":"2022-08-05T11:23:15.826Z"}
